[2020-03-22 19:38:40.553] [renderer1] [error] GDBus.Error:org.freedesktop.DBus.Error.ServiceUnknown: The name org.freedesktop.secrets was not provided by any .service files: Error: GDBus.Error:org.freedesktop.DBus.Error.ServiceUnknown: The name org.freedesktop.secrets was not provided by any .service files
[2020-03-22 19:39:58.993] [renderer1] [error] GDBus.Error:org.freedesktop.DBus.Error.ServiceUnknown: The name org.freedesktop.secrets was not provided by any .service files: Error: GDBus.Error:org.freedesktop.DBus.Error.ServiceUnknown: The name org.freedesktop.secrets was not provided by any .service files
[2020-03-22 20:08:20.229] [renderer1] [error] TreeError [MarkersView] Tree element not found: [object Object]: Error: TreeError [MarkersView] Tree element not found: [object Object]
    at t.ObjectTreeModel.getElementLocation (file:///opt/visual-studio-code/resources/app/out/vs/workbench/workbench.desktop.main.js:128:266)
    at t.ObjectTreeModel.isCollapsed (file:///opt/visual-studio-code/resources/app/out/vs/workbench/workbench.desktop.main.js:127:375)
    at H.isCollapsed (file:///opt/visual-studio-code/resources/app/out/vs/workbench/workbench.desktop.main.js:1079:430)
    at U.autoReveal (file:///opt/visual-studio-code/resources/app/out/vs/workbench/workbench.desktop.main.js:6306:155)
    at U.onActiveEditorChanged (file:///opt/visual-studio-code/resources/app/out/vs/workbench/workbench.desktop.main.js:6302:1005)
    at file:///opt/visual-studio-code/resources/app/out/vs/workbench/workbench.desktop.main.js:6301:862
    at file:///opt/visual-studio-code/resources/app/out/vs/workbench/workbench.desktop.main.js:106:447
    at c.fire (file:///opt/visual-studio-code/resources/app/out/vs/workbench/workbench.desktop.main.js:110:24)
    at L.doHandleActiveEditorChangeEvent (file:///opt/visual-studio-code/resources/app/out/vs/workbench/workbench.desktop.main.js:5477:648)
    at L.handleActiveEditorChange (file:///opt/visual-studio-code/resources/app/out/vs/workbench/workbench.desktop.main.js:5477:446)
    at file:///opt/visual-studio-code/resources/app/out/vs/workbench/workbench.desktop.main.js:5477:758
    at c.fire (file:///opt/visual-studio-code/resources/app/out/vs/workbench/workbench.desktop.main.js:110:24)
    at file:///opt/visual-studio-code/resources/app/out/vs/workbench/workbench.desktop.main.js:5611:990
    at async e.openEditor (file:///opt/visual-studio-code/resources/app/out/vs/workbench/workbench.desktop.main.js:5610:800)
[2020-03-22 20:11:08.490] [renderer1] [error] TreeError [MarkersView] Tree element not found: [object Object]: Error: TreeError [MarkersView] Tree element not found: [object Object]
    at t.ObjectTreeModel.getElementLocation (file:///opt/visual-studio-code/resources/app/out/vs/workbench/workbench.desktop.main.js:128:266)
    at t.ObjectTreeModel.isCollapsed (file:///opt/visual-studio-code/resources/app/out/vs/workbench/workbench.desktop.main.js:127:375)
    at H.isCollapsed (file:///opt/visual-studio-code/resources/app/out/vs/workbench/workbench.desktop.main.js:1079:430)
    at U.autoReveal (file:///opt/visual-studio-code/resources/app/out/vs/workbench/workbench.desktop.main.js:6306:155)
    at U.onActiveEditorChanged (file:///opt/visual-studio-code/resources/app/out/vs/workbench/workbench.desktop.main.js:6302:1005)
    at file:///opt/visual-studio-code/resources/app/out/vs/workbench/workbench.desktop.main.js:6301:862
    at file:///opt/visual-studio-code/resources/app/out/vs/workbench/workbench.desktop.main.js:106:447
    at c.fire (file:///opt/visual-studio-code/resources/app/out/vs/workbench/workbench.desktop.main.js:110:24)
    at L.doHandleActiveEditorChangeEvent (file:///opt/visual-studio-code/resources/app/out/vs/workbench/workbench.desktop.main.js:5477:648)
    at L.handleActiveEditorChange (file:///opt/visual-studio-code/resources/app/out/vs/workbench/workbench.desktop.main.js:5477:446)
    at file:///opt/visual-studio-code/resources/app/out/vs/workbench/workbench.desktop.main.js:5476:472
    at c.fire (file:///opt/visual-studio-code/resources/app/out/vs/workbench/workbench.desktop.main.js:110:24)
    at e.doSetGroupActive (file:///opt/visual-studio-code/resources/app/out/vs/workbench/workbench.desktop.main.js:5629:1001)
    at file:///opt/visual-studio-code/resources/app/out/vs/workbench/workbench.desktop.main.js:5629:516
    at c.fire (file:///opt/visual-studio-code/resources/app/out/vs/workbench/workbench.desktop.main.js:110:24)
    at file:///opt/visual-studio-code/resources/app/out/vs/workbench/workbench.desktop.main.js:5604:944
    at c.fire (file:///opt/visual-studio-code/resources/app/out/vs/workbench/workbench.desktop.main.js:110:24)
    at file:///opt/visual-studio-code/resources/app/out/vs/workbench/workbench.desktop.main.js:4186:519
    at c.fire (file:///opt/visual-studio-code/resources/app/out/vs/workbench/workbench.desktop.main.js:110:24)
    at file:///opt/visual-studio-code/resources/app/out/vs/workbench/workbench.desktop.main.js:2865:688
    at c.fire (file:///opt/visual-studio-code/resources/app/out/vs/workbench/workbench.desktop.main.js:110:24)
    at o (file:///opt/visual-studio-code/resources/app/out/vs/workbench/workbench.desktop.main.js:293:938)
    at c.fire (file:///opt/visual-studio-code/resources/app/out/vs/workbench/workbench.desktop.main.js:110:24)
    at HTMLDivElement.s (file:///opt/visual-studio-code/resources/app/out/vs/workbench/workbench.desktop.main.js:115:689)
    at f.setSelectionRange (file:///opt/visual-studio-code/resources/app/out/vs/workbench/workbench.desktop.main.js:601:241)
    at o.writeToTextArea (file:///opt/visual-studio-code/resources/app/out/vs/workbench/workbench.desktop.main.js:581:936)
    at p._setAndWriteTextAreaState (file:///opt/visual-studio-code/resources/app/out/vs/workbench/workbench.desktop.main.js:598:392)
    at p.writeScreenReaderContent (file:///opt/visual-studio-code/resources/app/out/vs/workbench/workbench.desktop.main.js:598:522)
    at p._setHasFocus (file:///opt/visual-studio-code/resources/app/out/vs/workbench/workbench.desktop.main.js:598:221)
    at p.focusTextArea (file:///opt/visual-studio-code/resources/app/out/vs/workbench/workbench.desktop.main.js:597:544)
    at C.focusTextArea (file:///opt/visual-studio-code/resources/app/out/vs/workbench/workbench.desktop.main.js:2174:739)
    at z.focus (file:///opt/visual-studio-code/resources/app/out/vs/workbench/workbench.desktop.main.js:2200:303)
    at Object.focusTextArea (file:///opt/visual-studio-code/resources/app/out/vs/workbench/workbench.desktop.main.js:2195:311)
    at h (file:///opt/visual-studio-code/resources/app/out/vs/workbench/workbench.desktop.main.js:2091:732)
    at g._onMouseDown (file:///opt/visual-studio-code/resources/app/out/vs/workbench/workbench.desktop.main.js:2091:766)
    at file:///opt/visual-studio-code/resources/app/out/vs/workbench/workbench.desktop.main.js:2089:559
    at HTMLDivElement.<anonymous> (file:///opt/visual-studio-code/resources/app/out/vs/workbench/workbench.desktop.main.js:564:50)
[2020-03-22 20:12:19.881] [renderer1] [error] TreeError [MarkersView] Tree element not found: [object Object]: Error: TreeError [MarkersView] Tree element not found: [object Object]
    at t.ObjectTreeModel.getElementLocation (file:///opt/visual-studio-code/resources/app/out/vs/workbench/workbench.desktop.main.js:128:266)
    at t.ObjectTreeModel.isCollapsed (file:///opt/visual-studio-code/resources/app/out/vs/workbench/workbench.desktop.main.js:127:375)
    at H.isCollapsed (file:///opt/visual-studio-code/resources/app/out/vs/workbench/workbench.desktop.main.js:1079:430)
    at U.autoReveal (file:///opt/visual-studio-code/resources/app/out/vs/workbench/workbench.desktop.main.js:6306:155)
    at U.onActiveEditorChanged (file:///opt/visual-studio-code/resources/app/out/vs/workbench/workbench.desktop.main.js:6302:1005)
    at file:///opt/visual-studio-code/resources/app/out/vs/workbench/workbench.desktop.main.js:6301:862
    at file:///opt/visual-studio-code/resources/app/out/vs/workbench/workbench.desktop.main.js:106:447
    at c.fire (file:///opt/visual-studio-code/resources/app/out/vs/workbench/workbench.desktop.main.js:110:24)
    at L.doHandleActiveEditorChangeEvent (file:///opt/visual-studio-code/resources/app/out/vs/workbench/workbench.desktop.main.js:5477:648)
    at L.handleActiveEditorChange (file:///opt/visual-studio-code/resources/app/out/vs/workbench/workbench.desktop.main.js:5477:446)
    at file:///opt/visual-studio-code/resources/app/out/vs/workbench/workbench.desktop.main.js:5476:472
    at c.fire (file:///opt/visual-studio-code/resources/app/out/vs/workbench/workbench.desktop.main.js:110:24)
    at e.doSetGroupActive (file:///opt/visual-studio-code/resources/app/out/vs/workbench/workbench.desktop.main.js:5629:1001)
    at file:///opt/visual-studio-code/resources/app/out/vs/workbench/workbench.desktop.main.js:5629:516
    at c.fire (file:///opt/visual-studio-code/resources/app/out/vs/workbench/workbench.desktop.main.js:110:24)
    at file:///opt/visual-studio-code/resources/app/out/vs/workbench/workbench.desktop.main.js:5604:944
    at c.fire (file:///opt/visual-studio-code/resources/app/out/vs/workbench/workbench.desktop.main.js:110:24)
    at file:///opt/visual-studio-code/resources/app/out/vs/workbench/workbench.desktop.main.js:4186:519
    at c.fire (file:///opt/visual-studio-code/resources/app/out/vs/workbench/workbench.desktop.main.js:110:24)
    at file:///opt/visual-studio-code/resources/app/out/vs/workbench/workbench.desktop.main.js:2865:688
    at c.fire (file:///opt/visual-studio-code/resources/app/out/vs/workbench/workbench.desktop.main.js:110:24)
    at o (file:///opt/visual-studio-code/resources/app/out/vs/workbench/workbench.desktop.main.js:293:938)
    at c.fire (file:///opt/visual-studio-code/resources/app/out/vs/workbench/workbench.desktop.main.js:110:24)
    at HTMLDivElement.s (file:///opt/visual-studio-code/resources/app/out/vs/workbench/workbench.desktop.main.js:115:689)
    at f.setSelectionRange (file:///opt/visual-studio-code/resources/app/out/vs/workbench/workbench.desktop.main.js:601:241)
    at o.writeToTextArea (file:///opt/visual-studio-code/resources/app/out/vs/workbench/workbench.desktop.main.js:581:936)
    at p._setAndWriteTextAreaState (file:///opt/visual-studio-code/resources/app/out/vs/workbench/workbench.desktop.main.js:598:392)
    at p.writeScreenReaderContent (file:///opt/visual-studio-code/resources/app/out/vs/workbench/workbench.desktop.main.js:598:522)
    at p._setHasFocus (file:///opt/visual-studio-code/resources/app/out/vs/workbench/workbench.desktop.main.js:598:221)
    at p.focusTextArea (file:///opt/visual-studio-code/resources/app/out/vs/workbench/workbench.desktop.main.js:597:544)
    at C.focusTextArea (file:///opt/visual-studio-code/resources/app/out/vs/workbench/workbench.desktop.main.js:2174:739)
    at z.focus (file:///opt/visual-studio-code/resources/app/out/vs/workbench/workbench.desktop.main.js:2200:303)
    at Object.focusTextArea (file:///opt/visual-studio-code/resources/app/out/vs/workbench/workbench.desktop.main.js:2195:311)
    at h (file:///opt/visual-studio-code/resources/app/out/vs/workbench/workbench.desktop.main.js:2091:732)
    at g._onMouseDown (file:///opt/visual-studio-code/resources/app/out/vs/workbench/workbench.desktop.main.js:2091:766)
    at file:///opt/visual-studio-code/resources/app/out/vs/workbench/workbench.desktop.main.js:2089:559
    at HTMLDivElement.<anonymous> (file:///opt/visual-studio-code/resources/app/out/vs/workbench/workbench.desktop.main.js:564:50)
[2020-03-22 20:12:40.591] [renderer1] [error] TreeError [MarkersView] Tree element not found: [object Object]: Error: TreeError [MarkersView] Tree element not found: [object Object]
    at t.ObjectTreeModel.getElementLocation (file:///opt/visual-studio-code/resources/app/out/vs/workbench/workbench.desktop.main.js:128:266)
    at t.ObjectTreeModel.isCollapsed (file:///opt/visual-studio-code/resources/app/out/vs/workbench/workbench.desktop.main.js:127:375)
    at H.isCollapsed (file:///opt/visual-studio-code/resources/app/out/vs/workbench/workbench.desktop.main.js:1079:430)
    at U.autoReveal (file:///opt/visual-studio-code/resources/app/out/vs/workbench/workbench.desktop.main.js:6306:155)
    at U.onActiveEditorChanged (file:///opt/visual-studio-code/resources/app/out/vs/workbench/workbench.desktop.main.js:6302:1005)
    at file:///opt/visual-studio-code/resources/app/out/vs/workbench/workbench.desktop.main.js:6301:862
    at file:///opt/visual-studio-code/resources/app/out/vs/workbench/workbench.desktop.main.js:106:447
    at c.fire (file:///opt/visual-studio-code/resources/app/out/vs/workbench/workbench.desktop.main.js:110:24)
    at L.doHandleActiveEditorChangeEvent (file:///opt/visual-studio-code/resources/app/out/vs/workbench/workbench.desktop.main.js:5477:648)
    at L.handleActiveEditorChange (file:///opt/visual-studio-code/resources/app/out/vs/workbench/workbench.desktop.main.js:5477:446)
    at file:///opt/visual-studio-code/resources/app/out/vs/workbench/workbench.desktop.main.js:5476:472
    at c.fire (file:///opt/visual-studio-code/resources/app/out/vs/workbench/workbench.desktop.main.js:110:24)
    at e.doSetGroupActive (file:///opt/visual-studio-code/resources/app/out/vs/workbench/workbench.desktop.main.js:5629:1001)
    at file:///opt/visual-studio-code/resources/app/out/vs/workbench/workbench.desktop.main.js:5629:516
    at c.fire (file:///opt/visual-studio-code/resources/app/out/vs/workbench/workbench.desktop.main.js:110:24)
    at file:///opt/visual-studio-code/resources/app/out/vs/workbench/workbench.desktop.main.js:5604:944
    at c.fire (file:///opt/visual-studio-code/resources/app/out/vs/workbench/workbench.desktop.main.js:110:24)
    at file:///opt/visual-studio-code/resources/app/out/vs/workbench/workbench.desktop.main.js:4186:519
    at c.fire (file:///opt/visual-studio-code/resources/app/out/vs/workbench/workbench.desktop.main.js:110:24)
    at file:///opt/visual-studio-code/resources/app/out/vs/workbench/workbench.desktop.main.js:2865:688
    at c.fire (file:///opt/visual-studio-code/resources/app/out/vs/workbench/workbench.desktop.main.js:110:24)
    at o (file:///opt/visual-studio-code/resources/app/out/vs/workbench/workbench.desktop.main.js:293:938)
    at c.fire (file:///opt/visual-studio-code/resources/app/out/vs/workbench/workbench.desktop.main.js:110:24)
    at HTMLDivElement.s (file:///opt/visual-studio-code/resources/app/out/vs/workbench/workbench.desktop.main.js:115:689)
    at f.setSelectionRange (file:///opt/visual-studio-code/resources/app/out/vs/workbench/workbench.desktop.main.js:601:241)
    at o.writeToTextArea (file:///opt/visual-studio-code/resources/app/out/vs/workbench/workbench.desktop.main.js:581:936)
    at p._setAndWriteTextAreaState (file:///opt/visual-studio-code/resources/app/out/vs/workbench/workbench.desktop.main.js:598:392)
    at p.writeScreenReaderContent (file:///opt/visual-studio-code/resources/app/out/vs/workbench/workbench.desktop.main.js:598:522)
    at p._setHasFocus (file:///opt/visual-studio-code/resources/app/out/vs/workbench/workbench.desktop.main.js:598:221)
    at p.focusTextArea (file:///opt/visual-studio-code/resources/app/out/vs/workbench/workbench.desktop.main.js:597:544)
    at C.focusTextArea (file:///opt/visual-studio-code/resources/app/out/vs/workbench/workbench.desktop.main.js:2174:739)
    at z.focus (file:///opt/visual-studio-code/resources/app/out/vs/workbench/workbench.desktop.main.js:2200:303)
    at Object.focusTextArea (file:///opt/visual-studio-code/resources/app/out/vs/workbench/workbench.desktop.main.js:2195:311)
    at h (file:///opt/visual-studio-code/resources/app/out/vs/workbench/workbench.desktop.main.js:2091:732)
    at g._onMouseDown (file:///opt/visual-studio-code/resources/app/out/vs/workbench/workbench.desktop.main.js:2091:766)
    at file:///opt/visual-studio-code/resources/app/out/vs/workbench/workbench.desktop.main.js:2089:559
    at HTMLDivElement.<anonymous> (file:///opt/visual-studio-code/resources/app/out/vs/workbench/workbench.desktop.main.js:564:50)
[2020-03-22 20:13:01.313] [renderer1] [error] TreeError [MarkersView] Tree element not found: [object Object]: Error: TreeError [MarkersView] Tree element not found: [object Object]
    at t.ObjectTreeModel.getElementLocation (file:///opt/visual-studio-code/resources/app/out/vs/workbench/workbench.desktop.main.js:128:266)
    at t.ObjectTreeModel.isCollapsed (file:///opt/visual-studio-code/resources/app/out/vs/workbench/workbench.desktop.main.js:127:375)
    at H.isCollapsed (file:///opt/visual-studio-code/resources/app/out/vs/workbench/workbench.desktop.main.js:1079:430)
    at U.autoReveal (file:///opt/visual-studio-code/resources/app/out/vs/workbench/workbench.desktop.main.js:6306:155)
    at U.onActiveEditorChanged (file:///opt/visual-studio-code/resources/app/out/vs/workbench/workbench.desktop.main.js:6302:1005)
    at file:///opt/visual-studio-code/resources/app/out/vs/workbench/workbench.desktop.main.js:6301:862
    at file:///opt/visual-studio-code/resources/app/out/vs/workbench/workbench.desktop.main.js:106:447
    at c.fire (file:///opt/visual-studio-code/resources/app/out/vs/workbench/workbench.desktop.main.js:110:24)
    at L.doHandleActiveEditorChangeEvent (file:///opt/visual-studio-code/resources/app/out/vs/workbench/workbench.desktop.main.js:5477:648)
    at L.handleActiveEditorChange (file:///opt/visual-studio-code/resources/app/out/vs/workbench/workbench.desktop.main.js:5477:446)
    at file:///opt/visual-studio-code/resources/app/out/vs/workbench/workbench.desktop.main.js:5476:472
    at c.fire (file:///opt/visual-studio-code/resources/app/out/vs/workbench/workbench.desktop.main.js:110:24)
    at e.doSetGroupActive (file:///opt/visual-studio-code/resources/app/out/vs/workbench/workbench.desktop.main.js:5629:1001)
    at file:///opt/visual-studio-code/resources/app/out/vs/workbench/workbench.desktop.main.js:5629:516
    at c.fire (file:///opt/visual-studio-code/resources/app/out/vs/workbench/workbench.desktop.main.js:110:24)
    at file:///opt/visual-studio-code/resources/app/out/vs/workbench/workbench.desktop.main.js:5604:944
    at c.fire (file:///opt/visual-studio-code/resources/app/out/vs/workbench/workbench.desktop.main.js:110:24)
    at file:///opt/visual-studio-code/resources/app/out/vs/workbench/workbench.desktop.main.js:4186:519
    at c.fire (file:///opt/visual-studio-code/resources/app/out/vs/workbench/workbench.desktop.main.js:110:24)
    at file:///opt/visual-studio-code/resources/app/out/vs/workbench/workbench.desktop.main.js:2865:688
    at c.fire (file:///opt/visual-studio-code/resources/app/out/vs/workbench/workbench.desktop.main.js:110:24)
    at o (file:///opt/visual-studio-code/resources/app/out/vs/workbench/workbench.desktop.main.js:293:938)
    at c.fire (file:///opt/visual-studio-code/resources/app/out/vs/workbench/workbench.desktop.main.js:110:24)
    at HTMLDivElement.s (file:///opt/visual-studio-code/resources/app/out/vs/workbench/workbench.desktop.main.js:115:689)
    at f.setSelectionRange (file:///opt/visual-studio-code/resources/app/out/vs/workbench/workbench.desktop.main.js:601:241)
    at o.writeToTextArea (file:///opt/visual-studio-code/resources/app/out/vs/workbench/workbench.desktop.main.js:581:936)
    at p._setAndWriteTextAreaState (file:///opt/visual-studio-code/resources/app/out/vs/workbench/workbench.desktop.main.js:598:392)
    at p.writeScreenReaderContent (file:///opt/visual-studio-code/resources/app/out/vs/workbench/workbench.desktop.main.js:598:522)
    at p._setHasFocus (file:///opt/visual-studio-code/resources/app/out/vs/workbench/workbench.desktop.main.js:598:221)
    at p.focusTextArea (file:///opt/visual-studio-code/resources/app/out/vs/workbench/workbench.desktop.main.js:597:544)
    at C.focusTextArea (file:///opt/visual-studio-code/resources/app/out/vs/workbench/workbench.desktop.main.js:2174:739)
    at z.focus (file:///opt/visual-studio-code/resources/app/out/vs/workbench/workbench.desktop.main.js:2200:303)
    at Object.focusTextArea (file:///opt/visual-studio-code/resources/app/out/vs/workbench/workbench.desktop.main.js:2195:311)
    at h (file:///opt/visual-studio-code/resources/app/out/vs/workbench/workbench.desktop.main.js:2091:732)
    at g._onMouseDown (file:///opt/visual-studio-code/resources/app/out/vs/workbench/workbench.desktop.main.js:2091:766)
    at file:///opt/visual-studio-code/resources/app/out/vs/workbench/workbench.desktop.main.js:2089:559
    at HTMLDivElement.<anonymous> (file:///opt/visual-studio-code/resources/app/out/vs/workbench/workbench.desktop.main.js:564:50)
[2020-03-22 20:13:22.018] [renderer1] [error] TreeError [MarkersView] Tree element not found: [object Object]: Error: TreeError [MarkersView] Tree element not found: [object Object]
    at t.ObjectTreeModel.getElementLocation (file:///opt/visual-studio-code/resources/app/out/vs/workbench/workbench.desktop.main.js:128:266)
    at t.ObjectTreeModel.isCollapsed (file:///opt/visual-studio-code/resources/app/out/vs/workbench/workbench.desktop.main.js:127:375)
    at H.isCollapsed (file:///opt/visual-studio-code/resources/app/out/vs/workbench/workbench.desktop.main.js:1079:430)
    at U.autoReveal (file:///opt/visual-studio-code/resources/app/out/vs/workbench/workbench.desktop.main.js:6306:155)
    at U.onActiveEditorChanged (file:///opt/visual-studio-code/resources/app/out/vs/workbench/workbench.desktop.main.js:6302:1005)
    at file:///opt/visual-studio-code/resources/app/out/vs/workbench/workbench.desktop.main.js:6301:862
    at file:///opt/visual-studio-code/resources/app/out/vs/workbench/workbench.desktop.main.js:106:447
    at c.fire (file:///opt/visual-studio-code/resources/app/out/vs/workbench/workbench.desktop.main.js:110:24)
    at L.doHandleActiveEditorChangeEvent (file:///opt/visual-studio-code/resources/app/out/vs/workbench/workbench.desktop.main.js:5477:648)
    at L.handleActiveEditorChange (file:///opt/visual-studio-code/resources/app/out/vs/workbench/workbench.desktop.main.js:5477:446)
    at file:///opt/visual-studio-code/resources/app/out/vs/workbench/workbench.desktop.main.js:5476:472
    at c.fire (file:///opt/visual-studio-code/resources/app/out/vs/workbench/workbench.desktop.main.js:110:24)
    at e.doSetGroupActive (file:///opt/visual-studio-code/resources/app/out/vs/workbench/workbench.desktop.main.js:5629:1001)
    at file:///opt/visual-studio-code/resources/app/out/vs/workbench/workbench.desktop.main.js:5629:516
    at c.fire (file:///opt/visual-studio-code/resources/app/out/vs/workbench/workbench.desktop.main.js:110:24)
    at file:///opt/visual-studio-code/resources/app/out/vs/workbench/workbench.desktop.main.js:5604:944
    at c.fire (file:///opt/visual-studio-code/resources/app/out/vs/workbench/workbench.desktop.main.js:110:24)
    at file:///opt/visual-studio-code/resources/app/out/vs/workbench/workbench.desktop.main.js:4186:519
    at c.fire (file:///opt/visual-studio-code/resources/app/out/vs/workbench/workbench.desktop.main.js:110:24)
    at file:///opt/visual-studio-code/resources/app/out/vs/workbench/workbench.desktop.main.js:2865:688
    at c.fire (file:///opt/visual-studio-code/resources/app/out/vs/workbench/workbench.desktop.main.js:110:24)
    at o (file:///opt/visual-studio-code/resources/app/out/vs/workbench/workbench.desktop.main.js:293:938)
    at c.fire (file:///opt/visual-studio-code/resources/app/out/vs/workbench/workbench.desktop.main.js:110:24)
    at HTMLDivElement.s (file:///opt/visual-studio-code/resources/app/out/vs/workbench/workbench.desktop.main.js:115:689)
    at f.setSelectionRange (file:///opt/visual-studio-code/resources/app/out/vs/workbench/workbench.desktop.main.js:601:241)
    at o.writeToTextArea (file:///opt/visual-studio-code/resources/app/out/vs/workbench/workbench.desktop.main.js:581:936)
    at p._setAndWriteTextAreaState (file:///opt/visual-studio-code/resources/app/out/vs/workbench/workbench.desktop.main.js:598:392)
    at p.writeScreenReaderContent (file:///opt/visual-studio-code/resources/app/out/vs/workbench/workbench.desktop.main.js:598:522)
    at p._setHasFocus (file:///opt/visual-studio-code/resources/app/out/vs/workbench/workbench.desktop.main.js:598:221)
    at p.focusTextArea (file:///opt/visual-studio-code/resources/app/out/vs/workbench/workbench.desktop.main.js:597:544)
    at C.focusTextArea (file:///opt/visual-studio-code/resources/app/out/vs/workbench/workbench.desktop.main.js:2174:739)
    at z.focus (file:///opt/visual-studio-code/resources/app/out/vs/workbench/workbench.desktop.main.js:2200:303)
    at Object.focusTextArea (file:///opt/visual-studio-code/resources/app/out/vs/workbench/workbench.desktop.main.js:2195:311)
    at h (file:///opt/visual-studio-code/resources/app/out/vs/workbench/workbench.desktop.main.js:2091:732)
    at g._onMouseDown (file:///opt/visual-studio-code/resources/app/out/vs/workbench/workbench.desktop.main.js:2091:766)
    at file:///opt/visual-studio-code/resources/app/out/vs/workbench/workbench.desktop.main.js:2089:559
    at HTMLDivElement.<anonymous> (file:///opt/visual-studio-code/resources/app/out/vs/workbench/workbench.desktop.main.js:564:50)
[2020-03-22 20:14:25.043] [renderer1] [error] TreeError [MarkersView] Tree element not found: [object Object]: Error: TreeError [MarkersView] Tree element not found: [object Object]
    at t.ObjectTreeModel.getElementLocation (file:///opt/visual-studio-code/resources/app/out/vs/workbench/workbench.desktop.main.js:128:266)
    at t.ObjectTreeModel.isCollapsed (file:///opt/visual-studio-code/resources/app/out/vs/workbench/workbench.desktop.main.js:127:375)
    at H.isCollapsed (file:///opt/visual-studio-code/resources/app/out/vs/workbench/workbench.desktop.main.js:1079:430)
    at U.autoReveal (file:///opt/visual-studio-code/resources/app/out/vs/workbench/workbench.desktop.main.js:6306:155)
    at U.onActiveEditorChanged (file:///opt/visual-studio-code/resources/app/out/vs/workbench/workbench.desktop.main.js:6302:1005)
    at file:///opt/visual-studio-code/resources/app/out/vs/workbench/workbench.desktop.main.js:6301:862
    at file:///opt/visual-studio-code/resources/app/out/vs/workbench/workbench.desktop.main.js:106:447
    at c.fire (file:///opt/visual-studio-code/resources/app/out/vs/workbench/workbench.desktop.main.js:110:24)
    at L.doHandleActiveEditorChangeEvent (file:///opt/visual-studio-code/resources/app/out/vs/workbench/workbench.desktop.main.js:5477:648)
    at L.handleActiveEditorChange (file:///opt/visual-studio-code/resources/app/out/vs/workbench/workbench.desktop.main.js:5477:446)
    at file:///opt/visual-studio-code/resources/app/out/vs/workbench/workbench.desktop.main.js:5476:472
    at c.fire (file:///opt/visual-studio-code/resources/app/out/vs/workbench/workbench.desktop.main.js:110:24)
    at e.doSetGroupActive (file:///opt/visual-studio-code/resources/app/out/vs/workbench/workbench.desktop.main.js:5629:1001)
    at file:///opt/visual-studio-code/resources/app/out/vs/workbench/workbench.desktop.main.js:5629:516
    at c.fire (file:///opt/visual-studio-code/resources/app/out/vs/workbench/workbench.desktop.main.js:110:24)
    at file:///opt/visual-studio-code/resources/app/out/vs/workbench/workbench.desktop.main.js:5604:944
    at c.fire (file:///opt/visual-studio-code/resources/app/out/vs/workbench/workbench.desktop.main.js:110:24)
    at file:///opt/visual-studio-code/resources/app/out/vs/workbench/workbench.desktop.main.js:4186:519
    at c.fire (file:///opt/visual-studio-code/resources/app/out/vs/workbench/workbench.desktop.main.js:110:24)
    at file:///opt/visual-studio-code/resources/app/out/vs/workbench/workbench.desktop.main.js:2865:688
    at c.fire (file:///opt/visual-studio-code/resources/app/out/vs/workbench/workbench.desktop.main.js:110:24)
    at o (file:///opt/visual-studio-code/resources/app/out/vs/workbench/workbench.desktop.main.js:293:938)
    at c.fire (file:///opt/visual-studio-code/resources/app/out/vs/workbench/workbench.desktop.main.js:110:24)
    at HTMLDivElement.s (file:///opt/visual-studio-code/resources/app/out/vs/workbench/workbench.desktop.main.js:115:689)
    at HTMLTextAreaElement.focus (<anonymous>)
    at f.setSelectionRange (file:///opt/visual-studio-code/resources/app/out/vs/workbench/workbench.desktop.main.js:601:241)
    at o.writeToTextArea (file:///opt/visual-studio-code/resources/app/out/vs/workbench/workbench.desktop.main.js:581:936)
    at p._setAndWriteTextAreaState (file:///opt/visual-studio-code/resources/app/out/vs/workbench/workbench.desktop.main.js:598:392)
    at p.writeScreenReaderContent (file:///opt/visual-studio-code/resources/app/out/vs/workbench/workbench.desktop.main.js:598:522)
    at p._setHasFocus (file:///opt/visual-studio-code/resources/app/out/vs/workbench/workbench.desktop.main.js:598:221)
    at p.focusTextArea (file:///opt/visual-studio-code/resources/app/out/vs/workbench/workbench.desktop.main.js:597:544)
    at C.focusTextArea (file:///opt/visual-studio-code/resources/app/out/vs/workbench/workbench.desktop.main.js:2174:739)
    at z.focus (file:///opt/visual-studio-code/resources/app/out/vs/workbench/workbench.desktop.main.js:2200:303)
    at Object.focusTextArea (file:///opt/visual-studio-code/resources/app/out/vs/workbench/workbench.desktop.main.js:2195:311)
    at h (file:///opt/visual-studio-code/resources/app/out/vs/workbench/workbench.desktop.main.js:2091:732)
    at g._onMouseDown (file:///opt/visual-studio-code/resources/app/out/vs/workbench/workbench.desktop.main.js:2091:766)
    at file:///opt/visual-studio-code/resources/app/out/vs/workbench/workbench.desktop.main.js:2089:559
    at HTMLDivElement.<anonymous> (file:///opt/visual-studio-code/resources/app/out/vs/workbench/workbench.desktop.main.js:564:50)
[2020-03-22 20:16:28.007] [renderer1] [error] TreeError [MarkersView] Tree element not found: [object Object]: Error: TreeError [MarkersView] Tree element not found: [object Object]
    at t.ObjectTreeModel.getElementLocation (file:///opt/visual-studio-code/resources/app/out/vs/workbench/workbench.desktop.main.js:128:266)
    at t.ObjectTreeModel.isCollapsed (file:///opt/visual-studio-code/resources/app/out/vs/workbench/workbench.desktop.main.js:127:375)
    at H.isCollapsed (file:///opt/visual-studio-code/resources/app/out/vs/workbench/workbench.desktop.main.js:1079:430)
    at U.autoReveal (file:///opt/visual-studio-code/resources/app/out/vs/workbench/workbench.desktop.main.js:6306:155)
    at U.onActiveEditorChanged (file:///opt/visual-studio-code/resources/app/out/vs/workbench/workbench.desktop.main.js:6302:1005)
    at file:///opt/visual-studio-code/resources/app/out/vs/workbench/workbench.desktop.main.js:6301:862
    at file:///opt/visual-studio-code/resources/app/out/vs/workbench/workbench.desktop.main.js:106:447
    at c.fire (file:///opt/visual-studio-code/resources/app/out/vs/workbench/workbench.desktop.main.js:110:24)
    at L.doHandleActiveEditorChangeEvent (file:///opt/visual-studio-code/resources/app/out/vs/workbench/workbench.desktop.main.js:5477:648)
    at L.handleActiveEditorChange (file:///opt/visual-studio-code/resources/app/out/vs/workbench/workbench.desktop.main.js:5477:446)
    at file:///opt/visual-studio-code/resources/app/out/vs/workbench/workbench.desktop.main.js:5476:472
    at c.fire (file:///opt/visual-studio-code/resources/app/out/vs/workbench/workbench.desktop.main.js:110:24)
    at e.doSetGroupActive (file:///opt/visual-studio-code/resources/app/out/vs/workbench/workbench.desktop.main.js:5629:1001)
    at file:///opt/visual-studio-code/resources/app/out/vs/workbench/workbench.desktop.main.js:5629:516
    at c.fire (file:///opt/visual-studio-code/resources/app/out/vs/workbench/workbench.desktop.main.js:110:24)
    at file:///opt/visual-studio-code/resources/app/out/vs/workbench/workbench.desktop.main.js:5604:944
    at c.fire (file:///opt/visual-studio-code/resources/app/out/vs/workbench/workbench.desktop.main.js:110:24)
    at file:///opt/visual-studio-code/resources/app/out/vs/workbench/workbench.desktop.main.js:4186:519
    at c.fire (file:///opt/visual-studio-code/resources/app/out/vs/workbench/workbench.desktop.main.js:110:24)
    at file:///opt/visual-studio-code/resources/app/out/vs/workbench/workbench.desktop.main.js:2865:688
    at c.fire (file:///opt/visual-studio-code/resources/app/out/vs/workbench/workbench.desktop.main.js:110:24)
    at o (file:///opt/visual-studio-code/resources/app/out/vs/workbench/workbench.desktop.main.js:293:938)
    at c.fire (file:///opt/visual-studio-code/resources/app/out/vs/workbench/workbench.desktop.main.js:110:24)
    at HTMLDivElement.s (file:///opt/visual-studio-code/resources/app/out/vs/workbench/workbench.desktop.main.js:115:689)
    at HTMLTextAreaElement.focus (<anonymous>)
    at f.setSelectionRange (file:///opt/visual-studio-code/resources/app/out/vs/workbench/workbench.desktop.main.js:601:241)
    at o.writeToTextArea (file:///opt/visual-studio-code/resources/app/out/vs/workbench/workbench.desktop.main.js:581:936)
    at p._setAndWriteTextAreaState (file:///opt/visual-studio-code/resources/app/out/vs/workbench/workbench.desktop.main.js:598:392)
    at p.writeScreenReaderContent (file:///opt/visual-studio-code/resources/app/out/vs/workbench/workbench.desktop.main.js:598:522)
    at p._setHasFocus (file:///opt/visual-studio-code/resources/app/out/vs/workbench/workbench.desktop.main.js:598:221)
    at p.focusTextArea (file:///opt/visual-studio-code/resources/app/out/vs/workbench/workbench.desktop.main.js:597:544)
    at C.focusTextArea (file:///opt/visual-studio-code/resources/app/out/vs/workbench/workbench.desktop.main.js:2174:739)
    at z.focus (file:///opt/visual-studio-code/resources/app/out/vs/workbench/workbench.desktop.main.js:2200:303)
    at Object.focusTextArea (file:///opt/visual-studio-code/resources/app/out/vs/workbench/workbench.desktop.main.js:2195:311)
    at h (file:///opt/visual-studio-code/resources/app/out/vs/workbench/workbench.desktop.main.js:2091:732)
    at g._onMouseDown (file:///opt/visual-studio-code/resources/app/out/vs/workbench/workbench.desktop.main.js:2091:766)
    at file:///opt/visual-studio-code/resources/app/out/vs/workbench/workbench.desktop.main.js:2089:559
    at HTMLDivElement.<anonymous> (file:///opt/visual-studio-code/resources/app/out/vs/workbench/workbench.desktop.main.js:564:50)
[2020-03-22 20:19:06.619] [renderer1] [error] TreeError [MarkersView] Tree element not found: [object Object]: Error: TreeError [MarkersView] Tree element not found: [object Object]
    at t.ObjectTreeModel.getElementLocation (file:///opt/visual-studio-code/resources/app/out/vs/workbench/workbench.desktop.main.js:128:266)
    at t.ObjectTreeModel.isCollapsed (file:///opt/visual-studio-code/resources/app/out/vs/workbench/workbench.desktop.main.js:127:375)
    at H.isCollapsed (file:///opt/visual-studio-code/resources/app/out/vs/workbench/workbench.desktop.main.js:1079:430)
    at U.autoReveal (file:///opt/visual-studio-code/resources/app/out/vs/workbench/workbench.desktop.main.js:6306:155)
    at U.onActiveEditorChanged (file:///opt/visual-studio-code/resources/app/out/vs/workbench/workbench.desktop.main.js:6302:1005)
    at file:///opt/visual-studio-code/resources/app/out/vs/workbench/workbench.desktop.main.js:6301:862
    at file:///opt/visual-studio-code/resources/app/out/vs/workbench/workbench.desktop.main.js:106:447
    at c.fire (file:///opt/visual-studio-code/resources/app/out/vs/workbench/workbench.desktop.main.js:110:24)
    at L.doHandleActiveEditorChangeEvent (file:///opt/visual-studio-code/resources/app/out/vs/workbench/workbench.desktop.main.js:5477:648)
    at L.handleActiveEditorChange (file:///opt/visual-studio-code/resources/app/out/vs/workbench/workbench.desktop.main.js:5477:446)
    at file:///opt/visual-studio-code/resources/app/out/vs/workbench/workbench.desktop.main.js:5476:472
    at c.fire (file:///opt/visual-studio-code/resources/app/out/vs/workbench/workbench.desktop.main.js:110:24)
    at e.doSetGroupActive (file:///opt/visual-studio-code/resources/app/out/vs/workbench/workbench.desktop.main.js:5629:1001)
    at file:///opt/visual-studio-code/resources/app/out/vs/workbench/workbench.desktop.main.js:5629:516
    at c.fire (file:///opt/visual-studio-code/resources/app/out/vs/workbench/workbench.desktop.main.js:110:24)
    at file:///opt/visual-studio-code/resources/app/out/vs/workbench/workbench.desktop.main.js:5604:944
    at c.fire (file:///opt/visual-studio-code/resources/app/out/vs/workbench/workbench.desktop.main.js:110:24)
    at file:///opt/visual-studio-code/resources/app/out/vs/workbench/workbench.desktop.main.js:4186:519
    at c.fire (file:///opt/visual-studio-code/resources/app/out/vs/workbench/workbench.desktop.main.js:110:24)
    at file:///opt/visual-studio-code/resources/app/out/vs/workbench/workbench.desktop.main.js:2865:688
    at c.fire (file:///opt/visual-studio-code/resources/app/out/vs/workbench/workbench.desktop.main.js:110:24)
    at o (file:///opt/visual-studio-code/resources/app/out/vs/workbench/workbench.desktop.main.js:293:938)
    at c.fire (file:///opt/visual-studio-code/resources/app/out/vs/workbench/workbench.desktop.main.js:110:24)
    at HTMLDivElement.s (file:///opt/visual-studio-code/resources/app/out/vs/workbench/workbench.desktop.main.js:115:689)
    at HTMLTextAreaElement.focus (<anonymous>)
    at f.setSelectionRange (file:///opt/visual-studio-code/resources/app/out/vs/workbench/workbench.desktop.main.js:601:241)
    at o.writeToTextArea (file:///opt/visual-studio-code/resources/app/out/vs/workbench/workbench.desktop.main.js:581:936)
    at p._setAndWriteTextAreaState (file:///opt/visual-studio-code/resources/app/out/vs/workbench/workbench.desktop.main.js:598:392)
    at p.writeScreenReaderContent (file:///opt/visual-studio-code/resources/app/out/vs/workbench/workbench.desktop.main.js:598:522)
    at p._setHasFocus (file:///opt/visual-studio-code/resources/app/out/vs/workbench/workbench.desktop.main.js:598:221)
    at p.focusTextArea (file:///opt/visual-studio-code/resources/app/out/vs/workbench/workbench.desktop.main.js:597:544)
    at C.focusTextArea (file:///opt/visual-studio-code/resources/app/out/vs/workbench/workbench.desktop.main.js:2174:739)
    at z.focus (file:///opt/visual-studio-code/resources/app/out/vs/workbench/workbench.desktop.main.js:2200:303)
    at Object.focusTextArea (file:///opt/visual-studio-code/resources/app/out/vs/workbench/workbench.desktop.main.js:2195:311)
    at h (file:///opt/visual-studio-code/resources/app/out/vs/workbench/workbench.desktop.main.js:2091:732)
    at g._onMouseDown (file:///opt/visual-studio-code/resources/app/out/vs/workbench/workbench.desktop.main.js:2091:766)
    at file:///opt/visual-studio-code/resources/app/out/vs/workbench/workbench.desktop.main.js:2089:559
    at HTMLDivElement.<anonymous> (file:///opt/visual-studio-code/resources/app/out/vs/workbench/workbench.desktop.main.js:564:50)
[2020-03-22 20:22:14.184] [renderer1] [error] TreeError [MarkersView] Tree element not found: [object Object]: Error: TreeError [MarkersView] Tree element not found: [object Object]
    at t.ObjectTreeModel.getElementLocation (file:///opt/visual-studio-code/resources/app/out/vs/workbench/workbench.desktop.main.js:128:266)
    at t.ObjectTreeModel.isCollapsed (file:///opt/visual-studio-code/resources/app/out/vs/workbench/workbench.desktop.main.js:127:375)
    at H.isCollapsed (file:///opt/visual-studio-code/resources/app/out/vs/workbench/workbench.desktop.main.js:1079:430)
    at U.autoReveal (file:///opt/visual-studio-code/resources/app/out/vs/workbench/workbench.desktop.main.js:6306:155)
    at U.onActiveEditorChanged (file:///opt/visual-studio-code/resources/app/out/vs/workbench/workbench.desktop.main.js:6302:1005)
    at file:///opt/visual-studio-code/resources/app/out/vs/workbench/workbench.desktop.main.js:6301:862
    at file:///opt/visual-studio-code/resources/app/out/vs/workbench/workbench.desktop.main.js:106:447
    at c.fire (file:///opt/visual-studio-code/resources/app/out/vs/workbench/workbench.desktop.main.js:110:24)
    at L.doHandleActiveEditorChangeEvent (file:///opt/visual-studio-code/resources/app/out/vs/workbench/workbench.desktop.main.js:5477:648)
    at L.handleActiveEditorChange (file:///opt/visual-studio-code/resources/app/out/vs/workbench/workbench.desktop.main.js:5477:446)
    at file:///opt/visual-studio-code/resources/app/out/vs/workbench/workbench.desktop.main.js:5477:758
    at c.fire (file:///opt/visual-studio-code/resources/app/out/vs/workbench/workbench.desktop.main.js:110:24)
    at file:///opt/visual-studio-code/resources/app/out/vs/workbench/workbench.desktop.main.js:5611:990
    at async e.openEditor (file:///opt/visual-studio-code/resources/app/out/vs/workbench/workbench.desktop.main.js:5610:800)
    at async R.editorOpenHandler (file:///opt/visual-studio-code/resources/app/out/vs/workbench/workbench.desktop.main.js:6265:333)
    at async R.openEditor (file:///opt/visual-studio-code/resources/app/out/vs/workbench/workbench.desktop.main.js:5490:25)
    at async file:///opt/visual-studio-code/resources/app/out/vs/workbench/workbench.desktop.main.js:6240:298
[2020-03-22 20:22:16.945] [renderer1] [error] TreeError [MarkersView] Tree element not found: [object Object]: Error: TreeError [MarkersView] Tree element not found: [object Object]
    at t.ObjectTreeModel.getElementLocation (file:///opt/visual-studio-code/resources/app/out/vs/workbench/workbench.desktop.main.js:128:266)
    at t.ObjectTreeModel.isCollapsed (file:///opt/visual-studio-code/resources/app/out/vs/workbench/workbench.desktop.main.js:127:375)
    at H.isCollapsed (file:///opt/visual-studio-code/resources/app/out/vs/workbench/workbench.desktop.main.js:1079:430)
    at U.autoReveal (file:///opt/visual-studio-code/resources/app/out/vs/workbench/workbench.desktop.main.js:6306:155)
    at U.onActiveEditorChanged (file:///opt/visual-studio-code/resources/app/out/vs/workbench/workbench.desktop.main.js:6302:1005)
    at file:///opt/visual-studio-code/resources/app/out/vs/workbench/workbench.desktop.main.js:6301:862
    at file:///opt/visual-studio-code/resources/app/out/vs/workbench/workbench.desktop.main.js:106:447
    at c.fire (file:///opt/visual-studio-code/resources/app/out/vs/workbench/workbench.desktop.main.js:110:24)
    at L.doHandleActiveEditorChangeEvent (file:///opt/visual-studio-code/resources/app/out/vs/workbench/workbench.desktop.main.js:5477:648)
    at L.handleActiveEditorChange (file:///opt/visual-studio-code/resources/app/out/vs/workbench/workbench.desktop.main.js:5477:446)
    at file:///opt/visual-studio-code/resources/app/out/vs/workbench/workbench.desktop.main.js:5476:472
    at c.fire (file:///opt/visual-studio-code/resources/app/out/vs/workbench/workbench.desktop.main.js:110:24)
    at e.doSetGroupActive (file:///opt/visual-studio-code/resources/app/out/vs/workbench/workbench.desktop.main.js:5629:1001)
    at file:///opt/visual-studio-code/resources/app/out/vs/workbench/workbench.desktop.main.js:5629:516
    at c.fire (file:///opt/visual-studio-code/resources/app/out/vs/workbench/workbench.desktop.main.js:110:24)
    at file:///opt/visual-studio-code/resources/app/out/vs/workbench/workbench.desktop.main.js:5604:944
    at c.fire (file:///opt/visual-studio-code/resources/app/out/vs/workbench/workbench.desktop.main.js:110:24)
    at file:///opt/visual-studio-code/resources/app/out/vs/workbench/workbench.desktop.main.js:4186:519
    at c.fire (file:///opt/visual-studio-code/resources/app/out/vs/workbench/workbench.desktop.main.js:110:24)
    at file:///opt/visual-studio-code/resources/app/out/vs/workbench/workbench.desktop.main.js:2865:688
    at c.fire (file:///opt/visual-studio-code/resources/app/out/vs/workbench/workbench.desktop.main.js:110:24)
    at o (file:///opt/visual-studio-code/resources/app/out/vs/workbench/workbench.desktop.main.js:293:938)
    at c.fire (file:///opt/visual-studio-code/resources/app/out/vs/workbench/workbench.desktop.main.js:110:24)
    at HTMLDivElement.s (file:///opt/visual-studio-code/resources/app/out/vs/workbench/workbench.desktop.main.js:115:689)
    at HTMLTextAreaElement.focus (<anonymous>)
    at f.setSelectionRange (file:///opt/visual-studio-code/resources/app/out/vs/workbench/workbench.desktop.main.js:601:241)
    at o.writeToTextArea (file:///opt/visual-studio-code/resources/app/out/vs/workbench/workbench.desktop.main.js:581:936)
    at p._setAndWriteTextAreaState (file:///opt/visual-studio-code/resources/app/out/vs/workbench/workbench.desktop.main.js:598:392)
    at p.writeScreenReaderContent (file:///opt/visual-studio-code/resources/app/out/vs/workbench/workbench.desktop.main.js:598:522)
    at p._setHasFocus (file:///opt/visual-studio-code/resources/app/out/vs/workbench/workbench.desktop.main.js:598:221)
    at p.focusTextArea (file:///opt/visual-studio-code/resources/app/out/vs/workbench/workbench.desktop.main.js:597:544)
    at C.focusTextArea (file:///opt/visual-studio-code/resources/app/out/vs/workbench/workbench.desktop.main.js:2174:739)
    at z.focus (file:///opt/visual-studio-code/resources/app/out/vs/workbench/workbench.desktop.main.js:2200:303)
    at Object.focusTextArea (file:///opt/visual-studio-code/resources/app/out/vs/workbench/workbench.desktop.main.js:2195:311)
    at h (file:///opt/visual-studio-code/resources/app/out/vs/workbench/workbench.desktop.main.js:2091:732)
    at g._onMouseDown (file:///opt/visual-studio-code/resources/app/out/vs/workbench/workbench.desktop.main.js:2091:766)
    at file:///opt/visual-studio-code/resources/app/out/vs/workbench/workbench.desktop.main.js:2089:559
    at HTMLDivElement.<anonymous> (file:///opt/visual-studio-code/resources/app/out/vs/workbench/workbench.desktop.main.js:564:50)
[2020-03-22 20:23:31.799] [renderer1] [error] TreeError [MarkersView] Tree element not found: [object Object]: Error: TreeError [MarkersView] Tree element not found: [object Object]
    at t.ObjectTreeModel.getElementLocation (file:///opt/visual-studio-code/resources/app/out/vs/workbench/workbench.desktop.main.js:128:266)
    at t.ObjectTreeModel.isCollapsed (file:///opt/visual-studio-code/resources/app/out/vs/workbench/workbench.desktop.main.js:127:375)
    at H.isCollapsed (file:///opt/visual-studio-code/resources/app/out/vs/workbench/workbench.desktop.main.js:1079:430)
    at U.autoReveal (file:///opt/visual-studio-code/resources/app/out/vs/workbench/workbench.desktop.main.js:6306:155)
    at U.onActiveEditorChanged (file:///opt/visual-studio-code/resources/app/out/vs/workbench/workbench.desktop.main.js:6302:1005)
    at file:///opt/visual-studio-code/resources/app/out/vs/workbench/workbench.desktop.main.js:6301:862
    at file:///opt/visual-studio-code/resources/app/out/vs/workbench/workbench.desktop.main.js:106:447
    at c.fire (file:///opt/visual-studio-code/resources/app/out/vs/workbench/workbench.desktop.main.js:110:24)
    at L.doHandleActiveEditorChangeEvent (file:///opt/visual-studio-code/resources/app/out/vs/workbench/workbench.desktop.main.js:5477:648)
    at L.handleActiveEditorChange (file:///opt/visual-studio-code/resources/app/out/vs/workbench/workbench.desktop.main.js:5477:446)
    at file:///opt/visual-studio-code/resources/app/out/vs/workbench/workbench.desktop.main.js:5476:472
    at c.fire (file:///opt/visual-studio-code/resources/app/out/vs/workbench/workbench.desktop.main.js:110:24)
    at e.doSetGroupActive (file:///opt/visual-studio-code/resources/app/out/vs/workbench/workbench.desktop.main.js:5629:1001)
    at file:///opt/visual-studio-code/resources/app/out/vs/workbench/workbench.desktop.main.js:5629:516
    at c.fire (file:///opt/visual-studio-code/resources/app/out/vs/workbench/workbench.desktop.main.js:110:24)
    at file:///opt/visual-studio-code/resources/app/out/vs/workbench/workbench.desktop.main.js:5604:944
    at c.fire (file:///opt/visual-studio-code/resources/app/out/vs/workbench/workbench.desktop.main.js:110:24)
    at file:///opt/visual-studio-code/resources/app/out/vs/workbench/workbench.desktop.main.js:4186:519
    at c.fire (file:///opt/visual-studio-code/resources/app/out/vs/workbench/workbench.desktop.main.js:110:24)
    at file:///opt/visual-studio-code/resources/app/out/vs/workbench/workbench.desktop.main.js:2865:688
    at c.fire (file:///opt/visual-studio-code/resources/app/out/vs/workbench/workbench.desktop.main.js:110:24)
    at o (file:///opt/visual-studio-code/resources/app/out/vs/workbench/workbench.desktop.main.js:293:938)
    at c.fire (file:///opt/visual-studio-code/resources/app/out/vs/workbench/workbench.desktop.main.js:110:24)
    at HTMLDivElement.s (file:///opt/visual-studio-code/resources/app/out/vs/workbench/workbench.desktop.main.js:115:689)
    at HTMLTextAreaElement.focus (<anonymous>)
    at f.setSelectionRange (file:///opt/visual-studio-code/resources/app/out/vs/workbench/workbench.desktop.main.js:601:241)
    at o.writeToTextArea (file:///opt/visual-studio-code/resources/app/out/vs/workbench/workbench.desktop.main.js:581:936)
    at p._setAndWriteTextAreaState (file:///opt/visual-studio-code/resources/app/out/vs/workbench/workbench.desktop.main.js:598:392)
    at p.writeScreenReaderContent (file:///opt/visual-studio-code/resources/app/out/vs/workbench/workbench.desktop.main.js:598:522)
    at p._setHasFocus (file:///opt/visual-studio-code/resources/app/out/vs/workbench/workbench.desktop.main.js:598:221)
    at p.focusTextArea (file:///opt/visual-studio-code/resources/app/out/vs/workbench/workbench.desktop.main.js:597:544)
    at C.focusTextArea (file:///opt/visual-studio-code/resources/app/out/vs/workbench/workbench.desktop.main.js:2174:739)
    at z.focus (file:///opt/visual-studio-code/resources/app/out/vs/workbench/workbench.desktop.main.js:2200:303)
    at Object.focusTextArea (file:///opt/visual-studio-code/resources/app/out/vs/workbench/workbench.desktop.main.js:2195:311)
    at h (file:///opt/visual-studio-code/resources/app/out/vs/workbench/workbench.desktop.main.js:2091:732)
    at g._onMouseDown (file:///opt/visual-studio-code/resources/app/out/vs/workbench/workbench.desktop.main.js:2091:766)
    at file:///opt/visual-studio-code/resources/app/out/vs/workbench/workbench.desktop.main.js:2089:559
    at HTMLDivElement.<anonymous> (file:///opt/visual-studio-code/resources/app/out/vs/workbench/workbench.desktop.main.js:564:50)
[2020-03-22 20:24:37.774] [renderer1] [error] TreeError [MarkersView] Tree element not found: [object Object]: Error: TreeError [MarkersView] Tree element not found: [object Object]
    at t.ObjectTreeModel.getElementLocation (file:///opt/visual-studio-code/resources/app/out/vs/workbench/workbench.desktop.main.js:128:266)
    at t.ObjectTreeModel.isCollapsed (file:///opt/visual-studio-code/resources/app/out/vs/workbench/workbench.desktop.main.js:127:375)
    at H.isCollapsed (file:///opt/visual-studio-code/resources/app/out/vs/workbench/workbench.desktop.main.js:1079:430)
    at U.autoReveal (file:///opt/visual-studio-code/resources/app/out/vs/workbench/workbench.desktop.main.js:6306:155)
    at U.onActiveEditorChanged (file:///opt/visual-studio-code/resources/app/out/vs/workbench/workbench.desktop.main.js:6302:1005)
    at file:///opt/visual-studio-code/resources/app/out/vs/workbench/workbench.desktop.main.js:6301:862
    at file:///opt/visual-studio-code/resources/app/out/vs/workbench/workbench.desktop.main.js:106:447
    at c.fire (file:///opt/visual-studio-code/resources/app/out/vs/workbench/workbench.desktop.main.js:110:24)
    at L.doHandleActiveEditorChangeEvent (file:///opt/visual-studio-code/resources/app/out/vs/workbench/workbench.desktop.main.js:5477:648)
    at L.handleActiveEditorChange (file:///opt/visual-studio-code/resources/app/out/vs/workbench/workbench.desktop.main.js:5477:446)
    at file:///opt/visual-studio-code/resources/app/out/vs/workbench/workbench.desktop.main.js:5476:472
    at c.fire (file:///opt/visual-studio-code/resources/app/out/vs/workbench/workbench.desktop.main.js:110:24)
    at e.doSetGroupActive (file:///opt/visual-studio-code/resources/app/out/vs/workbench/workbench.desktop.main.js:5629:1001)
    at file:///opt/visual-studio-code/resources/app/out/vs/workbench/workbench.desktop.main.js:5629:516
    at c.fire (file:///opt/visual-studio-code/resources/app/out/vs/workbench/workbench.desktop.main.js:110:24)
    at file:///opt/visual-studio-code/resources/app/out/vs/workbench/workbench.desktop.main.js:5604:944
    at c.fire (file:///opt/visual-studio-code/resources/app/out/vs/workbench/workbench.desktop.main.js:110:24)
    at file:///opt/visual-studio-code/resources/app/out/vs/workbench/workbench.desktop.main.js:4186:519
    at c.fire (file:///opt/visual-studio-code/resources/app/out/vs/workbench/workbench.desktop.main.js:110:24)
    at file:///opt/visual-studio-code/resources/app/out/vs/workbench/workbench.desktop.main.js:2865:688
    at c.fire (file:///opt/visual-studio-code/resources/app/out/vs/workbench/workbench.desktop.main.js:110:24)
    at o (file:///opt/visual-studio-code/resources/app/out/vs/workbench/workbench.desktop.main.js:293:938)
    at c.fire (file:///opt/visual-studio-code/resources/app/out/vs/workbench/workbench.desktop.main.js:110:24)
    at HTMLDivElement.s (file:///opt/visual-studio-code/resources/app/out/vs/workbench/workbench.desktop.main.js:115:689)
    at HTMLTextAreaElement.focus (<anonymous>)
    at f.setSelectionRange (file:///opt/visual-studio-code/resources/app/out/vs/workbench/workbench.desktop.main.js:601:241)
    at o.writeToTextArea (file:///opt/visual-studio-code/resources/app/out/vs/workbench/workbench.desktop.main.js:581:936)
    at p._setAndWriteTextAreaState (file:///opt/visual-studio-code/resources/app/out/vs/workbench/workbench.desktop.main.js:598:392)
    at p.writeScreenReaderContent (file:///opt/visual-studio-code/resources/app/out/vs/workbench/workbench.desktop.main.js:598:522)
    at p._setHasFocus (file:///opt/visual-studio-code/resources/app/out/vs/workbench/workbench.desktop.main.js:598:221)
    at p.focusTextArea (file:///opt/visual-studio-code/resources/app/out/vs/workbench/workbench.desktop.main.js:597:544)
    at C.focusTextArea (file:///opt/visual-studio-code/resources/app/out/vs/workbench/workbench.desktop.main.js:2174:739)
    at z.focus (file:///opt/visual-studio-code/resources/app/out/vs/workbench/workbench.desktop.main.js:2200:303)
    at Object.focusTextArea (file:///opt/visual-studio-code/resources/app/out/vs/workbench/workbench.desktop.main.js:2195:311)
    at h (file:///opt/visual-studio-code/resources/app/out/vs/workbench/workbench.desktop.main.js:2091:732)
    at g._onMouseDown (file:///opt/visual-studio-code/resources/app/out/vs/workbench/workbench.desktop.main.js:2091:766)
    at file:///opt/visual-studio-code/resources/app/out/vs/workbench/workbench.desktop.main.js:2089:559
    at HTMLDivElement.<anonymous> (file:///opt/visual-studio-code/resources/app/out/vs/workbench/workbench.desktop.main.js:564:50)
[2020-03-22 20:25:19.976] [renderer1] [error] TreeError [MarkersView] Tree element not found: [object Object]: Error: TreeError [MarkersView] Tree element not found: [object Object]
    at t.ObjectTreeModel.getElementLocation (file:///opt/visual-studio-code/resources/app/out/vs/workbench/workbench.desktop.main.js:128:266)
    at t.ObjectTreeModel.isCollapsed (file:///opt/visual-studio-code/resources/app/out/vs/workbench/workbench.desktop.main.js:127:375)
    at H.isCollapsed (file:///opt/visual-studio-code/resources/app/out/vs/workbench/workbench.desktop.main.js:1079:430)
    at U.autoReveal (file:///opt/visual-studio-code/resources/app/out/vs/workbench/workbench.desktop.main.js:6306:155)
    at U.onActiveEditorChanged (file:///opt/visual-studio-code/resources/app/out/vs/workbench/workbench.desktop.main.js:6302:1005)
    at file:///opt/visual-studio-code/resources/app/out/vs/workbench/workbench.desktop.main.js:6301:862
    at file:///opt/visual-studio-code/resources/app/out/vs/workbench/workbench.desktop.main.js:106:447
    at c.fire (file:///opt/visual-studio-code/resources/app/out/vs/workbench/workbench.desktop.main.js:110:24)
    at L.doHandleActiveEditorChangeEvent (file:///opt/visual-studio-code/resources/app/out/vs/workbench/workbench.desktop.main.js:5477:648)
    at L.handleActiveEditorChange (file:///opt/visual-studio-code/resources/app/out/vs/workbench/workbench.desktop.main.js:5477:446)
    at file:///opt/visual-studio-code/resources/app/out/vs/workbench/workbench.desktop.main.js:5476:472
    at c.fire (file:///opt/visual-studio-code/resources/app/out/vs/workbench/workbench.desktop.main.js:110:24)
    at e.doSetGroupActive (file:///opt/visual-studio-code/resources/app/out/vs/workbench/workbench.desktop.main.js:5629:1001)
    at file:///opt/visual-studio-code/resources/app/out/vs/workbench/workbench.desktop.main.js:5629:516
    at c.fire (file:///opt/visual-studio-code/resources/app/out/vs/workbench/workbench.desktop.main.js:110:24)
    at file:///opt/visual-studio-code/resources/app/out/vs/workbench/workbench.desktop.main.js:5604:944
    at c.fire (file:///opt/visual-studio-code/resources/app/out/vs/workbench/workbench.desktop.main.js:110:24)
    at file:///opt/visual-studio-code/resources/app/out/vs/workbench/workbench.desktop.main.js:4186:519
    at c.fire (file:///opt/visual-studio-code/resources/app/out/vs/workbench/workbench.desktop.main.js:110:24)
    at file:///opt/visual-studio-code/resources/app/out/vs/workbench/workbench.desktop.main.js:2865:688
    at c.fire (file:///opt/visual-studio-code/resources/app/out/vs/workbench/workbench.desktop.main.js:110:24)
    at o (file:///opt/visual-studio-code/resources/app/out/vs/workbench/workbench.desktop.main.js:293:938)
    at c.fire (file:///opt/visual-studio-code/resources/app/out/vs/workbench/workbench.desktop.main.js:110:24)
    at HTMLDivElement.s (file:///opt/visual-studio-code/resources/app/out/vs/workbench/workbench.desktop.main.js:115:689)
    at HTMLTextAreaElement.focus (<anonymous>)
    at f.setSelectionRange (file:///opt/visual-studio-code/resources/app/out/vs/workbench/workbench.desktop.main.js:601:241)
    at o.writeToTextArea (file:///opt/visual-studio-code/resources/app/out/vs/workbench/workbench.desktop.main.js:581:936)
    at p._setAndWriteTextAreaState (file:///opt/visual-studio-code/resources/app/out/vs/workbench/workbench.desktop.main.js:598:392)
    at p.writeScreenReaderContent (file:///opt/visual-studio-code/resources/app/out/vs/workbench/workbench.desktop.main.js:598:522)
    at p._setHasFocus (file:///opt/visual-studio-code/resources/app/out/vs/workbench/workbench.desktop.main.js:598:221)
    at p.focusTextArea (file:///opt/visual-studio-code/resources/app/out/vs/workbench/workbench.desktop.main.js:597:544)
    at C.focusTextArea (file:///opt/visual-studio-code/resources/app/out/vs/workbench/workbench.desktop.main.js:2174:739)
    at z.focus (file:///opt/visual-studio-code/resources/app/out/vs/workbench/workbench.desktop.main.js:2200:303)
    at Object.focusTextArea (file:///opt/visual-studio-code/resources/app/out/vs/workbench/workbench.desktop.main.js:2195:311)
    at h (file:///opt/visual-studio-code/resources/app/out/vs/workbench/workbench.desktop.main.js:2091:732)
    at g._onMouseDown (file:///opt/visual-studio-code/resources/app/out/vs/workbench/workbench.desktop.main.js:2091:766)
    at file:///opt/visual-studio-code/resources/app/out/vs/workbench/workbench.desktop.main.js:2089:559
    at HTMLDivElement.<anonymous> (file:///opt/visual-studio-code/resources/app/out/vs/workbench/workbench.desktop.main.js:564:50)
