[2020-03-22 19:36:00.708] [sharedprocess] [info] main {"machineId":"275fd99a8e9156d080baef52a18c9f7d83c358ed07e596f9e21ed2e5b280d345","windowId":2}
[2020-03-22 19:36:02.989] [sharedprocess] [info] Installing extension: james-yu.latex-workshop
[2020-03-22 19:36:02.990] [sharedprocess] [info] Installing extension: ms-python.python
[2020-03-22 19:36:02.990] [sharedprocess] [info] Installing extension: znck.grammarly
[2020-03-22 19:36:03.402] [sharedprocess] [info] Downloaded extension: znck.grammarly /tmp/9595b8e3-7b2d-40fe-adc0-31e28c5ed6a9
[2020-03-22 19:36:03.650] [sharedprocess] [info] Downloaded extension: james-yu.latex-workshop /tmp/6e06d1b3-62c2-418a-9da3-f2e5cc28721a
[2020-03-22 19:36:03.658] [sharedprocess] [info] Extracted extension to /home/pglandon/.vscode/extensions/.znck.grammarly-0.7.0: znck.grammarly
[2020-03-22 19:36:03.658] [sharedprocess] [info] Renamed to /home/pglandon/.vscode/extensions/znck.grammarly-0.7.0
[2020-03-22 19:36:03.660] [sharedprocess] [info] Installation completed. znck.grammarly
[2020-03-22 19:36:03.696] [sharedprocess] [info] Extensions installed successfully: znck.grammarly
[2020-03-22 19:36:03.848] [sharedprocess] [info] Downloaded extension: ms-python.python /tmp/b56564ad-3679-4d82-b1cb-ebfc13b46418
[2020-03-22 19:36:15.100] [sharedprocess] [info] Extracted extension to /home/pglandon/.vscode/extensions/.ms-python.python-2020.3.69010: ms-python.python
[2020-03-22 19:36:15.100] [sharedprocess] [info] Renamed to /home/pglandon/.vscode/extensions/ms-python.python-2020.3.69010
[2020-03-22 19:36:15.104] [sharedprocess] [info] Installation completed. ms-python.python
[2020-03-22 19:36:15.129] [sharedprocess] [info] Extensions installed successfully: ms-python.python
[2020-03-22 19:36:23.956] [sharedprocess] [info] Installing extension: ms-vscode.cpptools
[2020-03-22 19:36:24.182] [sharedprocess] [info] Downloaded extension: ms-vscode.cpptools /tmp/70ff4a5d-a6ac-4dcc-997d-55c89123efd9
[2020-03-22 19:36:25.105] [sharedprocess] [info] Extracted extension to /home/pglandon/.vscode/extensions/.ms-vscode.cpptools-0.26.3: ms-vscode.cpptools
[2020-03-22 19:36:25.105] [sharedprocess] [info] Renamed to /home/pglandon/.vscode/extensions/ms-vscode.cpptools-0.26.3
[2020-03-22 19:36:25.109] [sharedprocess] [info] Installation completed. ms-vscode.cpptools
[2020-03-22 19:36:25.112] [sharedprocess] [info] Extracted extension to /home/pglandon/.vscode/extensions/.james-yu.latex-workshop-8.8.0: james-yu.latex-workshop
[2020-03-22 19:36:25.112] [sharedprocess] [info] Renamed to /home/pglandon/.vscode/extensions/james-yu.latex-workshop-8.8.0
[2020-03-22 19:36:25.118] [sharedprocess] [info] Installation completed. james-yu.latex-workshop
[2020-03-22 19:36:25.140] [sharedprocess] [info] Extensions installed successfully: ms-vscode.cpptools
[2020-03-22 19:36:25.159] [sharedprocess] [info] Extensions installed successfully: james-yu.latex-workshop
[2020-03-22 19:36:40.731] [sharedprocess] [info] Starting to clean up unused language packs.
[2020-03-22 19:38:47.988] [sharedprocess] [info] Installing extension: ms-vscode.cmake-tools
[2020-03-22 19:38:48.292] [sharedprocess] [info] Downloaded extension: ms-vscode.cmake-tools /tmp/325950bd-999d-479b-9eea-d4596357ca33
[2020-03-22 19:39:19.659] [sharedprocess] [info] Extracted extension to /home/pglandon/.vscode/extensions/.ms-vscode.cmake-tools-1.3.1: ms-vscode.cmake-tools
[2020-03-22 19:39:19.659] [sharedprocess] [info] Renamed to /home/pglandon/.vscode/extensions/ms-vscode.cmake-tools-1.3.1
[2020-03-22 19:39:19.662] [sharedprocess] [info] Installation completed. ms-vscode.cmake-tools
[2020-03-22 19:39:19.672] [sharedprocess] [info] Extensions installed successfully: ms-vscode.cmake-tools
[2020-03-22 19:39:50.253] [sharedprocess] [info] Installing the extension: ms-vscode.cpptools
[2020-03-22 19:39:51.195] [sharedprocess] [info] Extracted extension to /home/pglandon/.vscode/extensions/.ms-vscode.cpptools-0.27.0-insiders3: ms-vscode.cpptools
[2020-03-22 19:39:51.196] [sharedprocess] [info] Renamed to /home/pglandon/.vscode/extensions/ms-vscode.cpptools-0.27.0-insiders3
[2020-03-22 19:39:51.198] [sharedprocess] [info] Installation completed. ms-vscode.cpptools
[2020-03-22 19:39:51.209] [sharedprocess] [info] Successfully installed the extension: ms-vscode.cpptools
