Looking for git in: git
Using git 2.25.2 from git
> git rev-parse --show-toplevel
> git rev-parse --git-dir
Open repository: /home/pglandon/Downloads/FastMarching_Pierre_Glandon/FastMarching
> git status -z -u
> git symbolic-ref --short HEAD
> git rev-parse master
> git rev-parse --symbolic-full-name master@{u}
> git rev-list --left-right master...refs/remotes/origin/master
> git for-each-ref --format %(refname) %(objectname) --sort -committerdate
> git remote --verbose
> git config --get commit.template
> git check-ignore -v -z --stdin
> git check-ignore -v -z --stdin
> git status -z -u
> git symbolic-ref --short HEAD
> git rev-parse master
> git rev-parse --symbolic-full-name master@{u}
> git rev-list --left-right master...refs/remotes/origin/master
> git for-each-ref --format %(refname) %(objectname) --sort -committerdate
> git remote --verbose
> git config --get commit.template
> git check-ignore -v -z --stdin
> git status -z -u
> git symbolic-ref --short HEAD
> git rev-parse master
> git rev-parse --symbolic-full-name master@{u}
> git rev-list --left-right master...refs/remotes/origin/master
> git for-each-ref --format %(refname) %(objectname) --sort -committerdate
> git remote --verbose
> git config --get commit.template
> git show :geodesique.cpp
> git ls-files --stage -- /home/pglandon/Downloads/FastMarching_Pierre_Glandon/FastMarching/geodesique.cpp
> git cat-file -s 46e3130820d94821ce697e76156604644734fa7f
> git status -z -u
> git symbolic-ref --short HEAD
> git rev-parse master
> git rev-parse --symbolic-full-name master@{u}
> git rev-list --left-right master...refs/remotes/origin/master
> git for-each-ref --format %(refname) %(objectname) --sort -committerdate
> git remote --verbose
> git config --get commit.template
> git status -z -u
> git symbolic-ref --short HEAD
> git rev-parse master
> git rev-parse --symbolic-full-name master@{u}
> git rev-list --left-right master...refs/remotes/origin/master
> git for-each-ref --format %(refname) %(objectname) --sort -committerdate
> git remote --verbose
> git config --get commit.template
> git show :fastMarching.h
> git ls-files --stage -- /home/pglandon/Downloads/FastMarching_Pierre_Glandon/FastMarching/fastMarching.h
> git cat-file -s c0c4d801a3a292096a255bd5ceb5dbd698a80a38
> git show :fastMarching.cpp
> git ls-files --stage -- /home/pglandon/Downloads/FastMarching_Pierre_Glandon/FastMarching/fastMarching.cpp
> git cat-file -s f9886bbabd66653753812f2d666712b64073a050
> git show :geodesique.cpp
> git ls-files --stage -- /home/pglandon/Downloads/FastMarching_Pierre_Glandon/FastMarching/geodesique.cpp
> git cat-file -s 46e3130820d94821ce697e76156604644734fa7f
> git show :fastMarching.h
> git ls-files --stage -- /home/pglandon/Downloads/FastMarching_Pierre_Glandon/FastMarching/fastMarching.h
> git cat-file -s c0c4d801a3a292096a255bd5ceb5dbd698a80a38
> git show :fastMarching.cpp
> git ls-files --stage -- /home/pglandon/Downloads/FastMarching_Pierre_Glandon/FastMarching/fastMarching.cpp
> git cat-file -s f9886bbabd66653753812f2d666712b64073a050
> git status -z -u
> git symbolic-ref --short HEAD
> git rev-parse master
> git rev-parse --symbolic-full-name master@{u}
> git rev-list --left-right master...refs/remotes/origin/master
> git for-each-ref --format %(refname) %(objectname) --sort -committerdate
> git remote --verbose
> git config --get commit.template
