[variant] Loaded new set of variants
[kit] Successfully loaded 4 kits from /home/pglandon/.local/share/CMakeTools/cmake-tools-kits.json
[main] Configuring folder: FastMarching 
[proc] Executing command: /usr/bin/cmake --no-warn-unused-cli -DCMAKE_EXPORT_COMPILE_COMMANDS:BOOL=TRUE -DCMAKE_BUILD_TYPE:STRING=Debug -H/home/pglandon/Downloads/FastMarching_Pierre_Glandon/FastMarching -B/home/pglandon/Downloads/FastMarching_Pierre_Glandon/FastMarching/build -G Ninja
[cmake] Not searching for unused variables given on the command line.
[cmake] -- Setting Imagine_DIR=/usr/local
[cmake] -- The C compiler identification is GNU 9.3.0
[cmake] -- The CXX compiler identification is GNU 9.3.0
[cmake] -- Check for working C compiler: /usr/bin/cc
[cmake] -- Check for working C compiler: /usr/bin/cc -- works
[cmake] -- Detecting C compiler ABI info
[cmake] -- Detecting C compiler ABI info - done
[cmake] -- Detecting C compile features
[cmake] -- Detecting C compile features - done
[cmake] -- Check for working CXX compiler: /usr/bin/c++
[cmake] -- Check for working CXX compiler: /usr/bin/c++ -- works
[cmake] -- Detecting CXX compiler ABI info
[cmake] -- Detecting CXX compiler ABI info - done
[cmake] -- Detecting CXX compile features
[cmake] -- Detecting CXX compile features - done
[cmake] CMake Warning (dev) at /usr/share/cmake-3.16/Modules/FindOpenGL.cmake:275 (message):
[cmake]   Policy CMP0072 is not set: FindOpenGL prefers GLVND by default when
[cmake]   available.  Run "cmake --help-policy CMP0072" for policy details.  Use the
[cmake]   cmake_policy command to set the policy and suppress this warning.
[cmake] 
[cmake]   FindOpenGL found both a legacy GL library:
[cmake] 
[cmake]     OPENGL_gl_LIBRARY: /usr/lib/libGL.so
[cmake] 
[cmake]   and GLVND libraries for OpenGL and GLX:
[cmake] 
[cmake]     OPENGL_opengl_LIBRARY: /usr/lib/libOpenGL.so
[cmake]     OPENGL_glx_LIBRARY: /usr/lib/libGLX.so
[cmake] 
[cmake]   OpenGL_GL_PREFERENCE has not been set to "GLVND" or "LEGACY", so for
[cmake]   compatibility with CMake 3.10 and below the legacy GL library will be used.
[cmake] Call Stack (most recent call first):
[cmake]   /usr/local/CMake/UseImagineOpenGL.cmake:5 (find_package)
[cmake]   /usr/local/CMake/ImagineConfig.cmake:235 (include)
[cmake]   /usr/local/CMake/UseImagineQt.cmake:40 (ImagineUseModules)
[cmake]   /usr/local/CMake/ImagineConfig.cmake:235 (include)
[cmake]   /usr/local/CMake/UseImagineGraphics.cmake:40 (ImagineUseModules)
[cmake]   /usr/local/CMake/ImagineConfig.cmake:235 (include)
[cmake]   /usr/local/CMake/UseImagineImages.cmake:30 (ImagineUseModules)
[cmake]   /usr/local/CMake/ImagineConfig.cmake:235 (include)
[cmake]   CMakeLists.txt:20 (ImagineUseModules)
[cmake] This warning is for project developers.  Use -Wno-dev to suppress it.
[cmake] 
[cmake] -- Found OpenGL: /usr/lib/libOpenGL.so   
[cmake] -- Configuring done
[cmake] -- Generating done
[cmake] -- Build files have been written to: /home/pglandon/Downloads/FastMarching_Pierre_Glandon/FastMarching/build
[main] Building folder: FastMarching 
[build] Starting build
[proc] Executing command: /usr/bin/cmake --build /home/pglandon/Downloads/FastMarching_Pierre_Glandon/FastMarching/build --config Debug --target all -- -j 10
[build] [10/15   6% :: 1.468] Building CXX object CMakeFiles/test_priorite.dir/priorite.cpp.o
[build] [11/15  13% :: 1.491] Building CXX object CMakeFiles/geodesique.dir/priorite.cpp.o
[build] [11/15  20% :: 1.501] Building CXX object CMakeFiles/test_priorite.dir/test_priorite.cpp.o
[build] [12/15  26% :: 1.534] Building CXX object CMakeFiles/distancePoint.dir/priorite.cpp.o
[build] [12/15  33% :: 1.655] Linking CXX executable test_priorite
[build] [12/15  40% :: 1.917] Building CXX object CMakeFiles/distancePoint.dir/distancePoint.cpp.o
[build] [12/15  46% :: 2.077] Building CXX object CMakeFiles/geodesique.dir/fastMarching.cpp.o
[build] [12/15  53% :: 2.173] Building CXX object CMakeFiles/geodesique.dir/geodesique.cpp.o
[build] [13/15  60% :: 2.304] Building CXX object CMakeFiles/ombres.dir/ombres.cpp.o
[build] [13/15  66% :: 2.406] Building CXX object CMakeFiles/ombres.dir/priorite.cpp.o
[build] [13/15  73% :: 2.418] Building CXX object CMakeFiles/ombres.dir/fastMarching.cpp.o
[build] [14/15  80% :: 2.455] Building CXX object CMakeFiles/distancePoint.dir/fastMarching.cpp.o
[build] [15/15  86% :: 2.629] Linking CXX executable geodesique
[build] [15/15  93% :: 2.801] Linking CXX executable ombres
[build] [15/15 100% :: 2.810] Linking CXX executable distancePoint
[build] Build finished with exit code 0
