[14:22:44] Initializing LaTeX Workshop.
[14:22:44] Creating file watcher for .pdf files.
[14:22:44] Creating LaTeX Workshop http and websocket server.
[14:22:44] LaTeX Workshop initialized.
[14:22:44] Server created on 127.0.0.1:40563
[14:22:44] Snippet data loaded.
[14:22:44] LaTeX Workshop version: 8.7.2
[14:22:44] PDF command invoked.
[14:22:44] Serving PDF file at http://localhost:40563/viewer.html?file=pdf..JTJGaG9tZSUyRnBnbGFuZG9uJTJGUHl0aG9uUHJvamVjdHMlMkZNZWNhRmx1JTJGZXhvNC5wZGY
[14:22:44] The encoded path is /home/pglandon/PythonProjects/MecaFlu/exo4.pdf
[14:22:44] Open PDF tab for /home/pglandon/PythonProjects/MecaFlu/exo4.pdf
[14:22:45] Adding .pdf file /home/pglandon/PythonProjects/MecaFlu/exo4.pdf to pdf file watcher.
[14:22:45] PDF command invoked.
[14:22:45] Serving PDF file at http://localhost:40563/viewer.html?file=pdf..JTJGaG9tZSUyRnBnbGFuZG9uJTJGUHl0aG9uUHJvamVjdHMlMkZNZWNhRmx1JTJGZXhvNC5wZGY
[14:22:45] The encoded path is /home/pglandon/PythonProjects/MecaFlu/exo4.pdf
[14:22:45] Open PDF tab for /home/pglandon/PythonProjects/MecaFlu/exo4.pdf
[14:22:45] Handle data type: open
[14:22:45] Handle data type: open
[14:22:45] Preview PDF file: /home/pglandon/PythonProjects/MecaFlu/exo4.pdf
[14:22:45] Handle data type: request_params
[14:22:45] Preview PDF file: /home/pglandon/PythonProjects/MecaFlu/exo4.pdf
[14:22:45] Handle data type: request_params
[14:22:46] Handle data type: loaded
[14:22:57] PDF command invoked.
[14:22:57] Serving PDF file at http://localhost:40563/viewer.html?file=pdf..JTJGaG9tZSUyRnBnbGFuZG9uJTJGUHl0aG9uUHJvamVjdHMlMkZNZWNhRmx1JTJGZXhvNC5wZGY
[14:22:57] The encoded path is /home/pglandon/PythonProjects/MecaFlu/exo4.pdf
[14:22:57] Open PDF tab for /home/pglandon/PythonProjects/MecaFlu/exo4.pdf
[14:22:57] Handle data type: open
[14:22:58] Preview PDF file: /home/pglandon/PythonProjects/MecaFlu/exo4.pdf
[14:22:58] Handle data type: request_params
[14:23:06] Handle data type: close
[14:24:48] PDF command invoked.
[14:24:48] Serving PDF file at http://localhost:40563/viewer.html?file=pdf..JTJGaG9tZSUyRnBnbGFuZG9uJTJGUHl0aG9uUHJvamVjdHMlMkZNZWNhRmx1JTJGZXhvNC5wZGY
[14:24:48] The encoded path is /home/pglandon/PythonProjects/MecaFlu/exo4.pdf
[14:24:48] Open PDF tab for /home/pglandon/PythonProjects/MecaFlu/exo4.pdf
[14:24:48] PDF command invoked.
[14:24:48] Serving PDF file at http://localhost:40563/viewer.html?file=pdf..JTJGaG9tZSUyRnBnbGFuZG9uJTJGUHl0aG9uUHJvamVjdHMlMkZNZWNhRmx1JTJGZXhvNC5wZGY
[14:24:48] The encoded path is /home/pglandon/PythonProjects/MecaFlu/exo4.pdf
[14:24:48] Open PDF tab for /home/pglandon/PythonProjects/MecaFlu/exo4.pdf
[14:24:48] Handle data type: open
[14:24:48] Preview PDF file: /home/pglandon/PythonProjects/MecaFlu/exo4.pdf
[14:24:49] Handle data type: request_params
[14:24:49] Handle data type: loaded
[14:24:50] Handle data type: close
[14:25:11] PDF command invoked.
[14:25:11] Serving PDF file at http://localhost:40563/viewer.html?file=pdf..JTJGaG9tZSUyRnBnbGFuZG9uJTJGUHl0aG9uUHJvamVjdHMlMkZNZWNhRmx1JTJGZXhvNC5wZGY
[14:25:11] The encoded path is /home/pglandon/PythonProjects/MecaFlu/exo4.pdf
[14:25:11] Open PDF tab for /home/pglandon/PythonProjects/MecaFlu/exo4.pdf
[14:25:12] Handle data type: open
[14:25:12] Handle data type: close
[14:25:21] PDF command invoked.
[14:25:21] Serving PDF file at http://localhost:40563/viewer.html?file=pdf..JTJGaG9tZSUyRnBnbGFuZG9uJTJGUHl0aG9uUHJvamVjdHMlMkZNZWNhRmx1JTJGZXhvNC5wZGY
[14:25:21] The encoded path is /home/pglandon/PythonProjects/MecaFlu/exo4.pdf
[14:25:21] Open PDF tab for /home/pglandon/PythonProjects/MecaFlu/exo4.pdf
[14:25:21] Handle data type: open
[14:25:21] Preview PDF file: /home/pglandon/PythonProjects/MecaFlu/exo4.pdf
[14:25:21] Handle data type: request_params
[14:25:22] Handle data type: loaded
