[2020-03-17 14:23:58.469] [exthost] [info] extension host started
[2020-03-17 14:23:58.492] [exthost] [info] ExtensionService#_doActivateExtension julialang.language-julia {"startup":false,"extensionId":{"value":"julialang.language-julia","_lower":"julialang.language-julia"},"activationEvent":"onLanguage:julia"}
[2020-03-17 14:23:58.492] [exthost] [info] ExtensionService#loadCommonJSModule file:///home/pglandon/.vscode/extensions/julialang.language-julia-0.14.18/out/extension
[2020-03-17 14:23:58.741] [exthost] [info] ExtensionService#_doActivateExtension vscode.debug-auto-launch {"startup":true,"extensionId":{"value":"vscode.debug-auto-launch","_lower":"vscode.debug-auto-launch"},"activationEvent":"*"}
[2020-03-17 14:23:58.741] [exthost] [info] ExtensionService#loadCommonJSModule file:///opt/visual-studio-code/resources/app/extensions/debug-auto-launch/dist/extension
[2020-03-17 14:23:58.744] [exthost] [info] ExtensionService#_doActivateExtension vscode.emmet {"startup":true,"extensionId":{"value":"vscode.emmet","_lower":"vscode.emmet"},"activationEvent":"*"}
[2020-03-17 14:23:58.744] [exthost] [info] ExtensionService#loadCommonJSModule file:///opt/visual-studio-code/resources/app/extensions/emmet/dist/extension
[2020-03-17 14:23:58.754] [exthost] [info] ExtensionService#_doActivateExtension vscode.git {"startup":true,"extensionId":{"value":"vscode.git","_lower":"vscode.git"},"activationEvent":"*"}
[2020-03-17 14:23:58.754] [exthost] [info] ExtensionService#loadCommonJSModule file:///opt/visual-studio-code/resources/app/extensions/git/dist/main
[2020-03-17 14:23:58.770] [exthost] [info] ExtensionService#_doActivateExtension vscode.github-authentication {"startup":true,"extensionId":{"value":"vscode.github-authentication","_lower":"vscode.github-authentication"},"activationEvent":"*"}
[2020-03-17 14:23:58.770] [exthost] [info] ExtensionService#loadCommonJSModule file:///opt/visual-studio-code/resources/app/extensions/github-authentication/dist/extension.js
[2020-03-17 14:23:58.774] [exthost] [info] ExtensionService#_doActivateExtension vscode.merge-conflict {"startup":true,"extensionId":{"value":"vscode.merge-conflict","_lower":"vscode.merge-conflict"},"activationEvent":"*"}
[2020-03-17 14:23:58.774] [exthost] [info] ExtensionService#loadCommonJSModule file:///opt/visual-studio-code/resources/app/extensions/merge-conflict/dist/extension
[2020-03-17 14:23:58.777] [exthost] [info] ExtensionService#_doActivateExtension vscode.search-result {"startup":true,"extensionId":{"value":"vscode.search-result","_lower":"vscode.search-result"},"activationEvent":"*"}
[2020-03-17 14:23:58.778] [exthost] [info] ExtensionService#loadCommonJSModule file:///opt/visual-studio-code/resources/app/extensions/search-result/dist/extension.js
[2020-03-17 14:23:58.779] [exthost] [info] ExtensionService#_doActivateExtension vscode.vscode-account {"startup":true,"extensionId":{"value":"vscode.vscode-account","_lower":"vscode.vscode-account"},"activationEvent":"*"}
[2020-03-17 14:23:58.779] [exthost] [info] ExtensionService#loadCommonJSModule file:///opt/visual-studio-code/resources/app/extensions/vscode-account/dist/extension.js
[2020-03-17 14:23:58.795] [exthost] [info] eager extensions activated
[2020-03-17 14:24:31.317] [exthost] [info] ExtensionService#_doActivateExtension vscode.configuration-editing {"startup":false,"extensionId":{"value":"vscode.configuration-editing","_lower":"vscode.configuration-editing"},"activationEvent":"onLanguage:jsonc"}
[2020-03-17 14:24:31.317] [exthost] [info] ExtensionService#loadCommonJSModule file:///opt/visual-studio-code/resources/app/extensions/configuration-editing/dist/extension
[2020-03-17 14:24:31.321] [exthost] [info] ExtensionService#_doActivateExtension vscode.json-language-features {"startup":false,"extensionId":{"value":"vscode.json-language-features","_lower":"vscode.json-language-features"},"activationEvent":"onLanguage:jsonc"}
[2020-03-17 14:24:31.321] [exthost] [info] ExtensionService#loadCommonJSModule file:///opt/visual-studio-code/resources/app/extensions/json-language-features/client/dist/jsonMain
[2020-03-17 14:24:31.335] [exthost] [info] ExtensionService#_doActivateExtension vscode.typescript-language-features {"startup":false,"extensionId":{"value":"vscode.typescript-language-features","_lower":"vscode.typescript-language-features"},"activationEvent":"onLanguage:jsonc"}
[2020-03-17 14:24:31.335] [exthost] [info] ExtensionService#loadCommonJSModule file:///opt/visual-studio-code/resources/app/extensions/typescript-language-features/dist/extension
