2020-03-18T12:56:37.792Z grammarly:server Server Ready.
2020-03-18T12:56:37.817Z grammarly:host {
  type: 'INIT',
  documentId: 'file:///home/pglandon/JuliaProjects/getting-started/pierre/rapport.tex',
  account: 'public'
}
2020-03-18T12:56:37.854Z grammarly:server onCodeAction {
  textDocument: {
    uri: 'file:///home/pglandon/JuliaProjects/getting-started/pierre/rapport.tex'
  },
  diagnostics: []
}
2020-03-18T12:56:38.215Z grammarly:auth initial cookie [
  'grauth=AABHozLf4CCl-_psKMIgREiknq9HGJIdL_vYK5YDbJ3G-3XuC6HkTLCojzB1fIaK9PwGAZtNCpTosLYv; Expires=Thu, 18 Mar 2021 12:56:34 GMT; Max-Age=31536000; Domain=grammarly.com; Path=/; Secure; HttpOnly; SameSite=None',
  'csrf-token=AABHo4mnhQb0LuwjyWSDbxSvdbZvzG/LmD9dGQ; Expires=Thu, 18 Mar 2021 12:56:34 GMT; Max-Age=31536000; Domain=grammarly.com; Path=/; Secure; SameSite=None',
  'gnar_containerId=rznoa7tkn9dc182; Expires=Sat, 16 Mar 2030 12:56:34 GMT; Max-Age=315360000; Domain=grammarly.com; Path=/; Secure; SameSite=None',
  'funnelType=free; Max-Age=108000; Domain=grammarly.com; Path=/',
  'browser_info=CHROME:79:COMPUTER:SUPPORTED:FREEMIUM:MAC_OS_X:MAC_OS_X; Max-Age=3600; Domain=grammarly.com; Path=/',
  'redirect_location=eyJ0eXBlIjoiIiwibG9jYXRpb24iOiJodHRwczovL3d3dy5ncmFtbWFybHkuY29tL3NpZ25pbiJ9; Max-Age=3600; Domain=grammarly.com; Path=/; Secure; HttpOnly'
]
2020-03-18T12:56:38.551Z grammarly:auth can continue as anonymous user
2020-03-18T12:56:38.781Z grammarly:server onCodeAction {
  textDocument: {
    uri: 'file:///home/pglandon/JuliaProjects/getting-started/pierre/rapport.tex'
  },
  diagnostics: []
}
2020-03-18T12:56:38.900Z grammarly:host 🔺 {
  action: 'start',
  client: 'denali_editor',
  clientSubType: 'general',
  clientSupports: [
    'text_info',
    'free_inline_advanced_alerts',
    'readability_check',
    'sentence_variety_check',
    'filler_words_check',
    'alerts_update',
    'alerts_changes',
    'free_clarity_alerts',
    'super_alerts',
    'consistency_check',
    'hidden_alerts_update',
    'set_goals_link'
  ],
  clientVersion: '1.5.43-2114+master',
  dialect: 'american',
  documentContext: {
    audience: 'knowledgeable',
    dialect: 'american',
    domain: 'general',
    emotion: undefined,
    emotions: [],
    goals: [],
    style: undefined
  },
  docid: 'ZmlsZTovLy9ob21lL3BnbGFuZG9uL0p1bGlhUHJvamVjdHMvZ2V0dGluZy1zdGFydGVkL3BpZXJyZS9yYXBwb3J0LnRleA==',
  id: 0
}
2020-03-18T12:56:39.004Z grammarly:host 🔻 { sid: 1, userMutedCategories: [], action: 'start', id: 0 }
2020-03-18T12:56:39.005Z grammarly:host 🔺 {
  action: 'submit_ot',
  doc_len: 0,
  rev: 0,
  deltas: [ { ops: [Array] } ],
  id: 1
}
2020-03-18T12:56:39.006Z grammarly:host 🔺 {
  action: 'option',
  name: 'gnar_containerId',
  value: 'rznoa7tkn9dc182',
  id: 2
}
2020-03-18T12:56:39.154Z grammarly:host 🔻 {
  sid: 1,
  rev: 0,
  wordsCount: 352,
  charsCount: 2484,
  readabilityScore: 61,
  action: 'text_info',
  id: 0
}
2020-03-18T12:56:39.154Z grammarly:host 🔻 { rev: 0, action: 'submit_ot', id: 1 }
2020-03-18T12:56:39.154Z grammarly:host 🔻 { action: 'option', id: 2 }
2020-03-18T12:56:39.179Z grammarly:host 🔻 {
  hidden: true,
  category: 'WordChoice',
  pid: 1093668,
  rid: 1093668,
  sid: 8439965,
  begin: 1964,
  end: 1968,
  text: 'main',
  group: 'Enhancement',
  pname: 'Enhancement/WordChoice/Overused/OverusedWord',
  phash: '00000000000000000000000000000001',
  pversion: '0.0.1',
  rev: 0,
  highlightBegin: 1964,
  highlightEnd: 1968,
  highlightText: 'main',
  replacements: [],
  transformJson: { context: { s: 1958, e: 1978 }, highlights: [ [Object] ] },
  impact: 'advanced',
  extra_properties: {},
  cardLayout: {
    category: 'General',
    group: 'Vocabulary',
    groupDescription: 'Replaces weak words with more precise synonyms',
    rank: 130,
    outcome: 'Engagement',
    outcomeDescription: 'Identifies monotonous sections of text and suggests more precise synonyms for weak, overused, or repeated words.',
    outcomeRank: 30
  },
  categoryHuman: 'Word Choice',
  cost: 1,
  action: 'alert',
  id: 42
}
2020-03-18T12:56:39.180Z grammarly:host 🔺 { action: 'feedback', type: 'IGNORE', alertId: '42', id: 3 }
2020-03-18T12:56:39.263Z grammarly:host 🔻 { action: 'remove', id: 42 }
2020-03-18T12:56:39.264Z grammarly:host 🔻 {
  scores: {
    Engagement: 1,
    GeneralScore: 1,
    Correctness: 1,
    Tone: 1,
    Clarity: 1
  },
  action: 'feedback',
  id: 3
}
2020-03-18T12:56:39.437Z grammarly:host 🔻 {
  hidden: true,
  category: 'CompPunct',
  pid: 1142937,
  rid: 1142937,
  sid: 8439965,
  begin: 2403,
  end: 2403,
  text: '',
  group: 'Punctuation',
  pname: 'Punctuation/CompPunct/NoCommaWithCC/NPVPandNPVP',
  phash: '00000000000000000000000000000001',
  pversion: '0.0.1',
  rev: 0,
  highlightBegin: 2404,
  highlightEnd: 2407,
  highlightText: 'but',
  replacements: [],
  transformJson: { context: { s: 2384, e: 2424 }, highlights: [ [Object] ] },
  impact: 'advanced',
  extra_properties: {},
  cardLayout: {
    category: 'General',
    group: 'Punctuation',
    groupDescription: 'Corrects missing and misused punctuation',
    rank: 30,
    outcome: 'Correctness',
    outcomeDescription: 'Corrects misspellings, grammatical errors, missing and misused punctuation. Checks for natural phrasing and good word choice.',
    outcomeRank: 10
  },
  categoryHuman: 'Punctuation in Compound/Complex Sentences',
  cost: 1,
  action: 'alert',
  id: 44
}
2020-03-18T12:56:39.437Z grammarly:host 🔺 { action: 'feedback', type: 'IGNORE', alertId: '44', id: 4 }
2020-03-18T12:56:39.489Z grammarly:host 🔻 {
  hidden: true,
  category: 'PassiveVoice',
  pid: 780623,
  rid: 780623,
  sid: 8439965,
  begin: 849,
  end: 871,
  text: 'be easily parallelized',
  group: 'Style',
  pname: 'Style/PassiveVoice/NoObj/General',
  phash: '00000000000000000000000000000001',
  pversion: '0.0.1',
  rev: 0,
  highlightBegin: 849,
  highlightEnd: 871,
  highlightText: 'be easily parallelized',
  replacements: [],
  transformJson: { context: { s: 841, e: 877 }, highlights: [ [Object] ] },
  impact: 'advanced',
  extra_properties: {},
  cardLayout: {
    category: 'General',
    group: 'Clarity',
    groupDescription: 'Identifies confusing sentences and overlong paragraphs',
    rank: 110,
    outcome: 'Clarity',
    outcomeDescription: 'Identifies confusing, hard-to-read and overlong sentences. Eliminates wordiness and redundancy.',
    outcomeRank: 20,
    userMuteCategory: 'PassiveVoice',
    userMuteCategoryDescription: 'Passive voice'
  },
  categoryHuman: 'Passive Voice Misuse',
  cost: 1,
  action: 'alert',
  id: 43
}
2020-03-18T12:56:39.489Z grammarly:host 🔺 { action: 'feedback', type: 'IGNORE', alertId: '43', id: 5 }
2020-03-18T12:56:39.524Z grammarly:host 🔻 { action: 'remove', id: 44 }
2020-03-18T12:56:39.524Z grammarly:host 🔻 {
  scores: {
    Engagement: 1,
    GeneralScore: 0.99,
    Correctness: 1,
    Tone: 1,
    Clarity: 0.95
  },
  action: 'feedback',
  id: 4
}
2020-03-18T12:56:39.572Z grammarly:host 🔻 { action: 'remove', id: 43 }
2020-03-18T12:56:39.573Z grammarly:host 🔻 {
  scores: {
    Engagement: 1,
    GeneralScore: 1,
    Correctness: 1,
    Tone: 1,
    Clarity: 1
  },
  action: 'feedback',
  id: 5
}
2020-03-18T12:56:39.741Z grammarly:host 🔻 {
  hidden: true,
  category: 'CompPunct',
  pid: 1168221,
  rid: 1168221,
  sid: 8439965,
  begin: 1869,
  end: 1869,
  text: '',
  group: 'Punctuation',
  pname: 'Punctuation/CompPunct/MissingComma/UnderpassMissComma',
  phash: '00000000000000000000000000000001',
  pversion: '0.0.1',
  rev: 0,
  highlightBegin: 1867,
  highlightEnd: 1869,
  highlightText: '2D',
  replacements: [],
  transformJson: { context: { s: 1864, e: 1878 }, highlights: [ [Object] ] },
  impact: 'advanced',
  extra_properties: {},
  cardLayout: {
    category: 'General',
    group: 'Punctuation',
    groupDescription: 'Corrects missing and misused punctuation',
    rank: 30,
    outcome: 'Correctness',
    outcomeDescription: 'Corrects misspellings, grammatical errors, missing and misused punctuation. Checks for natural phrasing and good word choice.',
    outcomeRank: 10
  },
  categoryHuman: 'Punctuation in Compound/Complex Sentences',
  cost: 1,
  action: 'alert',
  id: 45
}
2020-03-18T12:56:39.741Z grammarly:host 🔺 { action: 'feedback', type: 'IGNORE', alertId: '45', id: 6 }
2020-03-18T12:56:39.742Z grammarly:host 🔻 {
  hidden: true,
  category: 'CompPunct',
  pid: 1168221,
  rid: 1168221,
  sid: 8439965,
  begin: 1978,
  end: 1978,
  text: '',
  group: 'Punctuation',
  pname: 'Punctuation/CompPunct/MissingComma/UnderpassMissComma',
  phash: '00000000000000000000000000000001',
  pversion: '0.0.1',
  rev: 0,
  highlightBegin: 1979,
  highlightEnd: 1988,
  highlightText: 'therefore',
  replacements: [],
  transformJson: { context: { s: 1969, e: 1996 }, highlights: [ [Object] ] },
  impact: 'advanced',
  extra_properties: {},
  cardLayout: {
    category: 'General',
    group: 'Punctuation',
    groupDescription: 'Corrects missing and misused punctuation',
    rank: 30,
    outcome: 'Correctness',
    outcomeDescription: 'Corrects misspellings, grammatical errors, missing and misused punctuation. Checks for natural phrasing and good word choice.',
    outcomeRank: 10
  },
  categoryHuman: 'Punctuation in Compound/Complex Sentences',
  cost: 1,
  action: 'alert',
  id: 46
}
2020-03-18T12:56:39.742Z grammarly:host 🔺 { action: 'feedback', type: 'IGNORE', alertId: '46', id: 7 }
2020-03-18T12:56:39.743Z grammarly:host 🔻 {
  hidden: true,
  category: 'CompPunct',
  pid: 1168221,
  rid: 1168221,
  sid: 8439965,
  begin: 1988,
  end: 1988,
  text: '',
  group: 'Punctuation',
  pname: 'Punctuation/CompPunct/MissingComma/UnderpassMissComma',
  phash: '00000000000000000000000000000001',
  pversion: '0.0.1',
  rev: 0,
  highlightBegin: 1989,
  highlightEnd: 1991,
  highlightText: 'to',
  replacements: [],
  transformJson: { context: { s: 1975, e: 1998 }, highlights: [ [Object] ] },
  impact: 'advanced',
  extra_properties: {},
  cardLayout: {
    category: 'General',
    group: 'Punctuation',
    groupDescription: 'Corrects missing and misused punctuation',
    rank: 30,
    outcome: 'Correctness',
    outcomeDescription: 'Corrects misspellings, grammatical errors, missing and misused punctuation. Checks for natural phrasing and good word choice.',
    outcomeRank: 10
  },
  categoryHuman: 'Punctuation in Compound/Complex Sentences',
  cost: 1,
  action: 'alert',
  id: 47
}
2020-03-18T12:56:39.744Z grammarly:host 🔺 { action: 'feedback', type: 'IGNORE', alertId: '47', id: 8 }
2020-03-18T12:56:39.745Z grammarly:host 🔻 {
  hidden: true,
  category: 'CompPunct',
  pid: 1142937,
  rid: 1142937,
  sid: 8439965,
  begin: 2099,
  end: 2099,
  text: '',
  group: 'Punctuation',
  pname: 'Punctuation/CompPunct/NoCommaWithCC/NPVPandNPVP',
  phash: '00000000000000000000000000000001',
  pversion: '0.0.1',
  rev: 0,
  highlightBegin: 2100,
  highlightEnd: 2103,
  highlightText: 'but',
  replacements: [],
  transformJson: { context: { s: 2080, e: 2110 }, highlights: [ [Object] ] },
  impact: 'advanced',
  extra_properties: {},
  cardLayout: {
    category: 'General',
    group: 'Punctuation',
    groupDescription: 'Corrects missing and misused punctuation',
    rank: 30,
    outcome: 'Correctness',
    outcomeDescription: 'Corrects misspellings, grammatical errors, missing and misused punctuation. Checks for natural phrasing and good word choice.',
    outcomeRank: 10
  },
  categoryHuman: 'Punctuation in Compound/Complex Sentences',
  cost: 1,
  action: 'alert',
  id: 50
}
2020-03-18T12:56:39.745Z grammarly:host 🔺 { action: 'feedback', type: 'IGNORE', alertId: '50', id: 9 }
2020-03-18T12:56:39.746Z grammarly:host 🔻 {
  hidden: true,
  category: 'CompPunct',
  pid: 1168221,
  rid: 1168221,
  sid: 8439965,
  begin: 2147,
  end: 2147,
  text: '',
  group: 'Punctuation',
  pname: 'Punctuation/CompPunct/MissingComma/UnderpassMissComma',
  phash: '00000000000000000000000000000001',
  pversion: '0.0.1',
  rev: 0,
  highlightBegin: 2148,
  highlightEnd: 2153,
  highlightText: 'which',
  replacements: [],
  transformJson: { context: { s: 2139, e: 2161 }, highlights: [ [Object] ] },
  impact: 'advanced',
  extra_properties: {},
  cardLayout: {
    category: 'General',
    group: 'Punctuation',
    groupDescription: 'Corrects missing and misused punctuation',
    rank: 30,
    outcome: 'Correctness',
    outcomeDescription: 'Corrects misspellings, grammatical errors, missing and misused punctuation. Checks for natural phrasing and good word choice.',
    outcomeRank: 10
  },
  categoryHuman: 'Punctuation in Compound/Complex Sentences',
  cost: 1,
  action: 'alert',
  id: 49
}
2020-03-18T12:56:39.746Z grammarly:host 🔺 { action: 'feedback', type: 'IGNORE', alertId: '49', id: 10 }
2020-03-18T12:56:39.747Z grammarly:host 🔻 {
  hidden: true,
  category: 'CompPunct',
  pid: 1192965,
  rid: 1192965,
  sid: 8439965,
  begin: 2264,
  end: 2264,
  text: '',
  group: 'Punctuation',
  pname: 'Punctuation/CompPunct/OPCMissingComma/OPCMissComma',
  phash: '00000000000000000000000000000001',
  pversion: '0.0.1',
  rev: 0,
  highlightBegin: 2258,
  highlightEnd: 2264,
  highlightText: 'matrix',
  replacements: [],
  transformJson: { context: { s: 2251, e: 2273 }, highlights: [ [Object] ] },
  impact: 'advanced',
  extra_properties: {},
  cardLayout: {
    category: 'General',
    group: 'Punctuation',
    groupDescription: 'Corrects missing and misused punctuation',
    rank: 30,
    outcome: 'Correctness',
    outcomeDescription: 'Corrects misspellings, grammatical errors, missing and misused punctuation. Checks for natural phrasing and good word choice.',
    outcomeRank: 10
  },
  categoryHuman: 'Punctuation in Compound/Complex Sentences',
  cost: 1,
  action: 'alert',
  id: 48
}
2020-03-18T12:56:39.747Z grammarly:host 🔺 { action: 'feedback', type: 'IGNORE', alertId: '48', id: 11 }
2020-03-18T12:56:39.824Z grammarly:host 🔻 { action: 'remove', id: 45 }
2020-03-18T12:56:39.828Z grammarly:host 🔻 {
  scores: {
    Engagement: 1,
    GeneralScore: 0.98,
    Correctness: 0.95,
    Tone: 1,
    Clarity: 1
  },
  action: 'feedback',
  id: 6
}
2020-03-18T12:56:39.829Z grammarly:host 🔻 { action: 'remove', id: 46 }
2020-03-18T12:56:39.833Z grammarly:host 🔻 {
  scores: {
    Engagement: 1,
    GeneralScore: 0.99,
    Correctness: 0.95,
    Tone: 1,
    Clarity: 1
  },
  action: 'feedback',
  id: 7
}
2020-03-18T12:56:39.834Z grammarly:host 🔻 { action: 'remove', id: 47 }
2020-03-18T12:56:39.836Z grammarly:host 🔻 {
  scores: {
    Engagement: 1,
    GeneralScore: 0.99,
    Correctness: 0.95,
    Tone: 1,
    Clarity: 1
  },
  action: 'feedback',
  id: 8
}
2020-03-18T12:56:39.837Z grammarly:host 🔻 { action: 'remove', id: 50 }
2020-03-18T12:56:39.838Z grammarly:host 🔻 {
  scores: {
    Engagement: 1,
    GeneralScore: 0.99,
    Correctness: 0.95,
    Tone: 1,
    Clarity: 1
  },
  action: 'feedback',
  id: 9
}
2020-03-18T12:56:39.839Z grammarly:host 🔻 { action: 'remove', id: 49 }
2020-03-18T12:56:39.840Z grammarly:host 🔻 {
  scores: {
    Engagement: 1,
    GeneralScore: 0.99,
    Correctness: 0.95,
    Tone: 1,
    Clarity: 1
  },
  action: 'feedback',
  id: 10
}
2020-03-18T12:56:39.841Z grammarly:host 🔻 { action: 'remove', id: 48 }
2020-03-18T12:56:39.842Z grammarly:host 🔻 {
  scores: {
    Engagement: 1,
    GeneralScore: 1,
    Correctness: 1,
    Tone: 1,
    Clarity: 1
  },
  action: 'feedback',
  id: 11
}
2020-03-18T12:56:43.173Z grammarly:host 🔻 {
  sid: 1,
  rev: 0,
  score: 100,
  outcomeScores: {
    Engagement: 1,
    GeneralScore: 1,
    Correctness: 1,
    Tone: 1,
    Clarity: 1
  },
  generalScore: 100,
  removed: [],
  dialect: 'american',
  foreign: false,
  action: 'finished'
}
2020-03-18T12:57:42.031Z grammarly:server onCodeAction {
  textDocument: {
    uri: 'file:///home/pglandon/JuliaProjects/getting-started/pierre/rapport.tex'
  },
  diagnostics: []
}
2020-03-18T12:57:42.215Z grammarly:server onCodeAction {
  textDocument: {
    uri: 'file:///home/pglandon/JuliaProjects/getting-started/pierre/rapport.tex'
  },
  diagnostics: []
}
2020-03-18T12:57:44.558Z grammarly:server onCodeAction {
  textDocument: {
    uri: 'file:///home/pglandon/JuliaProjects/getting-started/pierre/rapport.tex'
  },
  diagnostics: []
}
2020-03-18T12:57:45.106Z grammarly:server onCodeAction {
  textDocument: {
    uri: 'file:///home/pglandon/JuliaProjects/getting-started/pierre/rapport.tex'
  },
  diagnostics: []
}
