[19:04:20] Initializing LaTeX Utilities.
[19:04:20] Live Snippets Loaded
[19:04:20] Completion Watcher Initialised
[19:04:20] LaTeX Utilities Started
[19:04:20] LaTeX Utilities version: 0.3.6
[19:04:20] TeXCount output: 0+0+0 (0/0/0/0) File: rapport.tex
[19:07:04] TeXCount output: 0+0+0 (0/0/0/0) File: rapport.tex
[19:07:16] TeXCount output: 0+0+0 (0/0/0/0) File: rapport.tex
[19:07:35] TeXCount output: 0+4+0 (2/0/0/0) File: rapport.tex
[19:07:43] Performing formatted paste
[19:07:43] Pasting: Table
[19:07:43] No table found
[19:07:54] TeXCount output: 0+4+0 (2/0/0/0) File: rapport.tex
[19:08:13] TeXCount output: 0+4+0 (2/0/0/0) File: rapport.tex
[19:08:13] TeXCount output: 0+7+0 (2/0/0/0) File: rapport.tex
[19:08:25] TeXCount output: 0+1+0 (1/0/0/0) File: rapport.tex
[19:08:33] TeXCount output: 0+1+0 (1/0/0/0) File: rapport.tex
[19:09:11] TeXCount output: 0+1+0 (1/0/0/0) File: rapport.tex
[19:09:14] TeXCount output: 0+1+0 (1/0/0/0) File: rapport.tex
[19:09:51] TeXCount output: 0+1+0 (1/0/0/0) File: rapport.tex
[19:09:53] TeXCount output: 0+2+0 (2/0/0/0) File: rapport.tex
[19:11:07] TeXCount output: 0+2+0 (2/0/0/0) File: rapport.tex
[19:11:08] TeXCount output: 0+2+0 (2/0/0/0) File: rapport.tex
[19:11:23] TeXCount output: 0+2+0 (2/0/0/0) File: rapport.tex
[19:11:26] TeXCount output: 0+1+0 (1/0/0/0) File: rapport.tex
[19:11:28] TeXCount output: 0+1+0 (1/0/0/0) File: rapport.tex
[19:11:30] TeXCount output: 0+1+0 (2/0/0/0) File: rapport.tex
[19:12:09] TeXCount output: 0+3+0 (2/0/0/0) File: rapport.tex
[19:12:11] TeXCount output: 0+3+0 (2/0/0/0) File: rapport.tex
[19:12:13] TeXCount output: 0+3+0 (2/0/0/0) File: rapport.tex
[19:12:15] TeXCount output: 1+3+0 (2/0/0/0) File: rapport.tex
[19:12:17] TeXCount output: 1+3+0 (2/0/0/0) File: rapport.tex
[19:12:19] TeXCount output: 2+3+0 (2/0/0/0) File: rapport.tex
[19:12:21] TeXCount output: 4+3+0 (2/0/0/0) File: rapport.tex
[19:12:23] TeXCount output: 4+3+0 (2/0/0/0) File: rapport.tex
[19:12:25] TeXCount output: 1+3+0 (2/0/0/0) File: rapport.tex
[19:12:27] TeXCount output: 3+3+0 (2/0/0/0) File: rapport.tex
[19:12:29] TeXCount output: 5+3+0 (2/0/0/0) File: rapport.tex
[19:12:31] TeXCount output: 5+3+0 (2/0/0/0) File: rapport.tex
[19:12:33] TeXCount output: 5+3+0 (2/0/0/0) File: rapport.tex
[19:12:35] TeXCount output: 5+3+0 (2/0/0/0) File: rapport.tex
[19:12:37] TeXCount output: 6+3+0 (2/0/0/0) File: rapport.tex
[19:12:39] TeXCount output: 7+3+0 (2/0/0/0) File: rapport.tex
[19:12:41] TeXCount output: 7+3+0 (2/0/0/0) File: rapport.tex
[19:12:43] TeXCount output: 8+3+0 (2/0/0/0) File: rapport.tex
[19:12:45] TeXCount output: 9+3+0 (2/0/0/0) File: rapport.tex
[19:12:47] TeXCount output: 11+3+0 (2/0/0/0) File: rapport.tex
[19:12:49] TeXCount output: 12+3+0 (2/0/0/0) File: rapport.tex
[19:12:51] TeXCount output: 14+3+0 (2/0/0/0) File: rapport.tex
[19:12:53] TeXCount output: 15+3+0 (2/0/0/0) File: rapport.tex
[19:12:55] TeXCount output: 16+3+0 (2/0/0/0) File: rapport.tex
[19:12:57] TeXCount output: 18+3+0 (2/0/0/0) File: rapport.tex
[19:13:00] TeXCount output: 18+3+0 (2/0/0/0) File: rapport.tex
[19:13:54] TeXCount output: 42+3+0 (2/0/0/0) File: rapport.tex
[19:13:56] TeXCount output: 42+3+0 (2/0/0/0) File: rapport.tex
[19:13:59] TeXCount output: 42+3+0 (2/0/0/0) File: rapport.tex
[19:22:04] TeXCount output: 42+3+0 (2/0/0/0) File: rapport.tex
[19:22:46] TeXCount output: 133+3+0 (2/0/0/0) File: rapport.tex
[19:23:05] TeXCount output: 131+3+0 (2/0/0/0) File: rapport.tex
[19:23:25] TeXCount output: 131+3+0 (2/0/0/0) File: rapport.tex
[19:25:17] TeXCount output: 163+3+0 (2/0/0/0) File: rapport.tex
[19:27:01] TeXCount output: 180+3+0 (2/0/0/0) File: rapport.tex
[19:27:38] TeXCount output: 180+5+0 (3/0/0/0) File: rapport.tex
[19:27:42] TeXCount output: 180+5+0 (3/0/0/0) File: rapport.tex
[19:35:37] TeXCount output: 272+9+0 (4/0/0/0) File: rapport.tex
[19:35:40] TeXCount output: 272+9+0 (4/0/0/0) File: rapport.tex
[19:35:55] TeXCount output: 272+9+0 (4/0/0/0) File: rapport.tex
[19:36:26] TeXCount output: 278+9+0 (4/0/0/0) File: rapport.tex
[19:36:28] TeXCount output: 278+9+0 (4/0/0/0) File: rapport.tex
[19:37:18] TeXCount output: 278+9+0 (4/0/0/0) File: rapport.tex
[19:37:22] TeXCount output: 278+9+0 (4/0/0/0) File: rapport.tex
[19:42:23] TeXCount output: 278+9+0 (4/0/0/0) File: rapport.tex
[19:42:30] TeXCount output: 278+9+0 (4/0/0/0) File: rapport.tex
[19:43:25] TeXCount output: 279+9+0 (4/1/0/0) File: rapport.tex
[19:43:27] Running command texdef --source --Find --tex latex -p inputenc -p graphicx --class article \end
[19:43:27] Took 223ms to find definition for \end
[19:43:28] Running command texdef --source --Find --tex latex -p inputenc -p graphicx --class article \includegraphics
[19:43:28] Took 265ms to find definition for \includegraphics
[19:43:34] TeXCount output: 279+9+0 (4/1/0/0) File: rapport.tex
[19:43:37] TeXCount output: 279+9+0 (4/1/0/0) File: rapport.tex
[19:44:22] TeXCount output: 279+9+0 (4/1/0/0) File: rapport.tex
[19:44:25] TeXCount output: 279+9+0 (4/1/0/0) File: rapport.tex
[19:44:49] TeXCount output: 279+9+0 (4/1/0/0) File: rapport.tex
[19:45:27] TeXCount output: 279+9+0 (4/1/0/0) File: rapport.tex
[19:45:29] TeXCount output: 279+9+0 (4/1/0/0) File: rapport.tex
[19:45:33] TeXCount output: 279+9+0 (4/1/0/0) File: rapport.tex
[19:45:37] TeXCount output: 279+9+0 (4/1/0/0) File: rapport.tex
[19:45:39] TeXCount output: 279+9+0 (4/1/0/0) File: rapport.tex
[19:45:41] TeXCount output: 279+9+0 (4/1/0/0) File: rapport.tex
[19:45:44] TeXCount output: 279+9+0 (4/1/0/0) File: rapport.tex
[19:45:47] TeXCount output: 279+9+0 (4/1/0/0) File: rapport.tex
[19:45:48] TeXCount output: 279+9+0 (4/1/0/0) File: rapport.tex
[19:45:56] TeXCount output: 279+9+0 (4/1/0/0) File: rapport.tex
[19:46:02] TeXCount output: 279+9+0 (4/1/0/0) File: rapport.tex
[19:46:05] TeXCount output: 279+9+0 (4/1/0/0) File: rapport.tex
[19:46:08] TeXCount output: 279+9+0 (4/1/0/0) File: rapport.tex
[19:46:11] TeXCount output: 278+9+0 (4/1/0/0) File: rapport.tex
[19:46:17] TeXCount output: 278+9+0 (4/1/0/0) File: rapport.tex
[19:47:22] TeXCount output: 278+9+5 (4/1/0/0) File: rapport.tex
[19:47:35] TeXCount output: 278+7+5 (3/1/0/0) File: rapport.tex
[19:47:38] Running command texdef --source --Find --tex latex -p inputenc -p graphicx --class article \includegraphics
[19:47:38] Took 248ms to find definition for \includegraphics
[19:47:50] TeXCount output: 278+7+15 (3/3/0/0) File: rapport.tex
[19:48:10] TeXCount output: 278+7+15 (3/3/0/0) File: rapport.tex
[19:48:15] TeXCount output: 278+7+15 (3/3/0/0) File: rapport.tex
[19:54:37] TeXCount output: 280+7+15 (3/3/0/0) File: rapport.tex
[19:56:02] TeXCount output: 305+7+15 (3/3/0/0) File: rapport.tex
