[23:53:27] Initializing LaTeX Workshop.
[23:53:27] Creating file watcher for .pdf files.
[23:53:27] Creating LaTeX Workshop http and websocket server.
[23:53:27] LaTeX Workshop initialized.
[23:53:27] Server created on 127.0.0.1:35915
[23:53:27] Snippet data loaded.
[23:53:27] LaTeX Workshop version: 8.7.2
[23:53:27] PDF command invoked.
[23:53:27] Serving PDF file at http://localhost:35915/viewer.html?file=pdf..JTJGaG9tZSUyRnBnbGFuZG9uJTJGUHl0aG9uUHJvamVjdHMlMkZNZWNhRmx1JTJGZXhvNC5wZGY
[23:53:27] The encoded path is /home/pglandon/PythonProjects/MecaFlu/exo4.pdf
[23:53:27] Open PDF tab for /home/pglandon/PythonProjects/MecaFlu/exo4.pdf
[23:53:27] Handle data type: open
[23:53:27] Preview PDF file: /home/pglandon/PythonProjects/MecaFlu/exo4.pdf
[23:53:27] Handle data type: request_params
[23:53:28] Handle data type: loaded
[00:03:48] Handle data type: close
[00:10:24] Adding .pdf file /home/pglandon/PythonProjects/MecaFlu/exo4.pdf to pdf file watcher.
[00:10:24] PDF command invoked.
[00:10:24] Serving PDF file at http://localhost:35915/viewer.html?file=pdf..JTJGaG9tZSUyRnBnbGFuZG9uJTJGUHl0aG9uUHJvamVjdHMlMkZNZWNhRmx1JTJGZXhvNC5wZGY
[00:10:24] The encoded path is /home/pglandon/PythonProjects/MecaFlu/exo4.pdf
[00:10:24] Open PDF tab for /home/pglandon/PythonProjects/MecaFlu/exo4.pdf
[00:10:24] Handle data type: open
[00:10:24] Preview PDF file: /home/pglandon/PythonProjects/MecaFlu/exo4.pdf
[00:10:24] Handle data type: request_params
[00:10:25] Handle data type: loaded
[00:10:27] Handle data type: close
[00:10:39] PDF command invoked.
[00:10:39] Serving PDF file at http://localhost:35915/viewer.html?file=pdf..JTJGaG9tZSUyRnBnbGFuZG9uJTJGUHl0aG9uUHJvamVjdHMlMkZNZWNhRmx1JTJGZXhvNC5wZGY
[00:10:39] The encoded path is /home/pglandon/PythonProjects/MecaFlu/exo4.pdf
[00:10:39] Open PDF tab for /home/pglandon/PythonProjects/MecaFlu/exo4.pdf
[00:10:39] Handle data type: open
[00:10:40] Preview PDF file: /home/pglandon/PythonProjects/MecaFlu/exo4.pdf
[00:10:40] Handle data type: request_params
[00:10:40] Handle data type: loaded
[00:16:13] Handle data type: close
