[00:18:16] Initializing LaTeX Workshop.
[00:18:16] Creating file watcher for .pdf files.
[00:18:16] Creating LaTeX Workshop http and websocket server.
[00:18:16] LaTeX Workshop initialized.
[00:18:17] Server created on 127.0.0.1:40945
[00:18:17] Snippet data loaded.
[00:18:17] LaTeX Workshop version: 8.7.2
[00:18:17] PDF command invoked.
[00:18:17] Serving PDF file at http://localhost:40945/viewer.html?file=pdf..JTJGaG9tZSUyRnBnbGFuZG9uJTJGUHl0aG9uUHJvamVjdHMlMkZNZWNhRmx1JTJGZXhvNC5wZGY
[00:18:17] The encoded path is /home/pglandon/PythonProjects/MecaFlu/exo4.pdf
[00:18:17] Open PDF tab for /home/pglandon/PythonProjects/MecaFlu/exo4.pdf
[00:18:17] Handle data type: open
[00:18:17] Preview PDF file: /home/pglandon/PythonProjects/MecaFlu/exo4.pdf
[00:18:17] Handle data type: request_params
[00:18:18] Handle data type: loaded
[00:18:50] Handle data type: close
[00:19:08] Adding .pdf file /home/pglandon/PythonProjects/MecaFlu/exo4.pdf to pdf file watcher.
[00:19:09] PDF command invoked.
[00:19:09] Serving PDF file at http://localhost:40945/viewer.html?file=pdf..JTJGaG9tZSUyRnBnbGFuZG9uJTJGUHl0aG9uUHJvamVjdHMlMkZNZWNhRmx1JTJGZXhvNC5wZGY
[00:19:09] The encoded path is /home/pglandon/PythonProjects/MecaFlu/exo4.pdf
[00:19:09] Open PDF tab for /home/pglandon/PythonProjects/MecaFlu/exo4.pdf
[00:19:11] Handle data type: open
[00:19:11] Preview PDF file: /home/pglandon/PythonProjects/MecaFlu/exo4.pdf
[00:19:11] Handle data type: request_params
[00:19:11] Handle data type: loaded
[00:19:18] Handle data type: close
