[22:24:50] Initializing LaTeX Workshop.
[22:24:50] Creating file watcher for .pdf files.
[22:24:50] Creating LaTeX Workshop http and websocket server.
[22:24:50] LaTeX Workshop initialized.
[22:24:50] Found root file from active editor: /home/pglandon/JuliaProjects/getting-started/pierre/rapport.tex
[22:24:50] Root file changed from: undefined to /home/pglandon/JuliaProjects/getting-started/pierre/rapport.tex. Find all dependencies.
[22:24:50] Instantiating a new file watcher for /home/pglandon/JuliaProjects/getting-started/pierre/rapport.tex
[22:24:50] Creating file watcher for .bib files.
[22:24:50] Parsing /home/pglandon/JuliaProjects/getting-started/pierre/rapport.tex
[22:24:50] Server created on 127.0.0.1:34385
[22:24:50] Adding /home/pglandon/JuliaProjects/getting-started/pierre/rapport.tex to file watcher.
[22:24:50] Snippet data loaded.
[22:24:50] LaTeX Workshop version: 8.7.2
[22:24:54] File watcher: responding to change in /home/pglandon/JuliaProjects/getting-started/pierre/rapport.tex
[22:24:54] Parsing /home/pglandon/JuliaProjects/getting-started/pierre/rapport.tex
[22:24:54] /home/pglandon/JuliaProjects/getting-started/pierre/rapport.tex changed. Auto build project.
[22:24:54] BUILD command invoked.
[22:24:54] Building root file: /home/pglandon/JuliaProjects/getting-started/pierre/rapport.tex
[22:24:54] Build root file /home/pglandon/JuliaProjects/getting-started/pierre/rapport.tex
[22:24:54] Recipe step 1: latexmk, -synctex=1,-interaction=nonstopmode,-file-line-error,-pdf,-outdir=/home/pglandon/JuliaProjects/getting-started/pierre,/home/pglandon/JuliaProjects/getting-started/pierre/rapport
[22:24:54] LaTeX build process spawned. PID: 825061.
[22:24:54] Recipe of length 1 finished. PID: 825061.
[22:24:54] Successfully built /home/pglandon/JuliaProjects/getting-started/pierre/rapport.tex.
[22:24:54] VIEW command invoked.
[22:24:54] Found root file from active editor: /home/pglandon/JuliaProjects/getting-started/pierre/rapport.tex
[22:24:54] Root file remains unchanged from: /home/pglandon/JuliaProjects/getting-started/pierre/rapport.tex.
[22:24:54] Serving PDF file at http://localhost:34385/viewer.html?file=pdf..JTJGaG9tZSUyRnBnbGFuZG9uJTJGSnVsaWFQcm9qZWN0cyUyRmdldHRpbmctc3RhcnRlZCUyRnBpZXJyZSUyRnJhcHBvcnQucGRm
[22:24:54] The encoded path is /home/pglandon/JuliaProjects/getting-started/pierre/rapport.pdf
[22:24:54] Open PDF tab for /home/pglandon/JuliaProjects/getting-started/pierre/rapport.pdf
[22:24:54] Handle data type: open
[22:24:54] Preview PDF file: /home/pglandon/JuliaProjects/getting-started/pierre/rapport.pdf
[22:24:55] Handle data type: request_params
[22:24:55] Found root file from active editor: /home/pglandon/JuliaProjects/getting-started/pierre/rapport.tex
[22:24:55] Root file remains unchanged from: /home/pglandon/JuliaProjects/getting-started/pierre/rapport.tex.
[22:24:55] Handle data type: loaded
[22:25:03] Handle data type: close
[22:25:33] BUILD command invoked.
[22:25:33] Cannot find LaTeX root file.
[22:25:35] CLEAN command invoked.
[22:25:35] Found files that might be root, choose the first one: /home/pglandon/JuliaProjects/getting-started/pierre/rapport.tex
[22:25:35] Root file remains unchanged from: /home/pglandon/JuliaProjects/getting-started/pierre/rapport.tex.
[22:25:35] File cleaned: /home/pglandon/JuliaProjects/getting-started/pierre/rapport.aux
[22:25:35] File cleaned: /home/pglandon/JuliaProjects/getting-started/pierre/rapport.fls
[22:25:35] File cleaned: /home/pglandon/JuliaProjects/getting-started/pierre/rapport.log
[22:25:35] File cleaned: /home/pglandon/JuliaProjects/getting-started/pierre/rapport.fdb_latexmk
[22:25:36] RECIPES command invoked.
[22:25:36] BUILD command invoked.
[22:25:36] Cannot find LaTeX root file.
[22:25:36] VIEW command invoked.
[22:25:36] Active document is not a TeX file.
