Looking for git in: git
Using git 2.25.2 from git
> git rev-parse --show-toplevel
fatal: not a git repository (or any of the parent directories): .git
> git rev-parse --show-toplevel
> git rev-parse --git-dir
Open repository: /home/pglandon/Downloads/FastMarching_Pierre_Glandon/FastMarching
> git status -z -u
> git symbolic-ref --short HEAD
> git rev-parse master
> git rev-parse --symbolic-full-name master@{u}
> git rev-list --left-right master...refs/remotes/origin/master
> git for-each-ref --format %(refname) %(objectname) --sort -committerdate
> git remote --verbose
> git config --get commit.template
> git check-ignore -v -z --stdin
> git check-ignore -v -z --stdin
> git show :CMakeLists.txt
> git ls-files --stage -- /home/pglandon/Downloads/FastMarching_Pierre_Glandon/FastMarching/CMakeLists.txt
> git cat-file -s 90ac736811bcec5d7cb7d08445cde608b1455907
> git show :CMakeLists.txt
> git ls-files --stage -- /home/pglandon/Downloads/FastMarching_Pierre_Glandon/FastMarching/CMakeLists.txt
> git cat-file -s 90ac736811bcec5d7cb7d08445cde608b1455907
git.getSCMResource.uri file:///home/pglandon/Downloads/FastMarching_Pierre_Glandon/FastMarching/CMakeLists.txt
repo root /home/pglandon/Downloads/FastMarching_Pierre_Glandon/FastMarching
> git status -z -u
> git symbolic-ref --short HEAD
> git rev-parse master
> git rev-parse --symbolic-full-name master@{u}
> git rev-list --left-right master...refs/remotes/origin/master
> git for-each-ref --format %(refname) %(objectname) --sort -committerdate
> git remote --verbose
> git config --get commit.template
> git ls-files --stage -- /home/pglandon/Downloads/FastMarching_Pierre_Glandon/FastMarching/CMakeLists.txt
> git cat-file -s 90ac736811bcec5d7cb7d08445cde608b1455907
> git show :CMakeLists.txt
> git status -z -u
> git symbolic-ref --short HEAD
> git rev-parse master
> git rev-parse --symbolic-full-name master@{u}
> git rev-list --left-right master...refs/remotes/origin/master
> git for-each-ref --format %(refname) %(objectname) --sort -committerdate
> git remote --verbose
> git config --get commit.template
