[23:04:37] Initializing LaTeX Workshop.
[23:04:37] Creating file watcher for .pdf files.
[23:04:37] Creating LaTeX Workshop http and websocket server.
[23:04:37] LaTeX Workshop initialized.
[23:04:37] Server created on 127.0.0.1:33641
[23:04:38] PDF command invoked.
[23:04:38] Serving PDF file at http://localhost:33641/viewer.html?file=pdf..JTJGaG9tZSUyRnBnbGFuZG9uJTJGUHl0aG9uUHJvamVjdHMlMkZNZWNhRmx1JTJGZXhvNC5wZGY
[23:04:38] The encoded path is /home/pglandon/PythonProjects/MecaFlu/exo4.pdf
[23:04:38] Open PDF tab for /home/pglandon/PythonProjects/MecaFlu/exo4.pdf
[23:04:38] LaTeX Workshop version: 8.7.2
[23:04:38] Snippet data loaded.
[23:04:39] Handle data type: open
[23:04:39] Preview PDF file: /home/pglandon/PythonProjects/MecaFlu/exo4.pdf
[23:04:39] Handle data type: request_params
[23:04:40] Handle data type: loaded
[23:40:19] Handle data type: close
[23:46:31] Adding .pdf file /home/pglandon/PythonProjects/MecaFlu/exo4.pdf to pdf file watcher.
[23:46:32] PDF command invoked.
[23:46:32] Serving PDF file at http://localhost:33641/viewer.html?file=pdf..JTJGaG9tZSUyRnBnbGFuZG9uJTJGUHl0aG9uUHJvamVjdHMlMkZNZWNhRmx1JTJGZXhvNC5wZGY
[23:46:32] The encoded path is /home/pglandon/PythonProjects/MecaFlu/exo4.pdf
[23:46:32] Open PDF tab for /home/pglandon/PythonProjects/MecaFlu/exo4.pdf
[23:46:32] Handle data type: open
[23:46:32] Preview PDF file: /home/pglandon/PythonProjects/MecaFlu/exo4.pdf
[23:46:32] Handle data type: request_params
[23:46:33] Handle data type: loaded
[23:50:18] Handle data type: close
