Type: Error Num: 5
Date: 2020.03.18 20:53:47 742
Sender: Available_Devices System_Info::Get_Emulator_Info( const QString &path, bool *ok,VM::Emulator_Version version, const QString &internalName )
Message: Cannot get QEMU network card ID string!

Type: Warning Num: 6
Date: 2020.03.18 20:53:47 742
Sender: Available_Devices System_Info::Get_Emulator_Info( const QString &path, bool *ok,VM::Emulator_Version version, const QString &internalName )
Message: Cannot get net cards info from emulator "/usr/bin/qemu-system-x86_64". Use default list

Type: Warning Num: 20
Date: 2020.03.18 20:53:52 750
Sender: bool Emulator::Load( const QString &path )
Message: No "qemu-system-arm" element!

Type: Warning Num: 21
Date: 2020.03.18 20:53:52 750
Sender: bool Emulator::Load( const QString &path )
Message: No "qemu-system-cris" element!

Type: Warning Num: 22
Date: 2020.03.18 20:53:52 750
Sender: bool Emulator::Load( const QString &path )
Message: No "qemu-system-m68k" element!

Type: Warning Num: 23
Date: 2020.03.18 20:53:52 750
Sender: bool Emulator::Load( const QString &path )
Message: No "qemu-system-microblaze" element!

Type: Warning Num: 24
Date: 2020.03.18 20:53:52 750
Sender: bool Emulator::Load( const QString &path )
Message: No "qemu-system-mips" element!

Type: Warning Num: 25
Date: 2020.03.18 20:53:52 750
Sender: bool Emulator::Load( const QString &path )
Message: No "qemu-system-mips64" element!

Type: Warning Num: 26
Date: 2020.03.18 20:53:52 750
Sender: bool Emulator::Load( const QString &path )
Message: No "qemu-system-mips64el" element!

Type: Warning Num: 27
Date: 2020.03.18 20:53:52 750
Sender: bool Emulator::Load( const QString &path )
Message: No "qemu-system-mipsel" element!

Type: Warning Num: 28
Date: 2020.03.18 20:53:52 750
Sender: bool Emulator::Load( const QString &path )
Message: No "qemu-system-ppc" element!

Type: Warning Num: 29
Date: 2020.03.18 20:53:52 750
Sender: bool Emulator::Load( const QString &path )
Message: No "qemu-system-ppc64" element!

Type: Warning Num: 30
Date: 2020.03.18 20:53:52 750
Sender: bool Emulator::Load( const QString &path )
Message: No "qemu-system-ppcemb" element!

Type: Warning Num: 31
Date: 2020.03.18 20:53:52 750
Sender: bool Emulator::Load( const QString &path )
Message: No "qemu-system-sh4" element!

Type: Warning Num: 32
Date: 2020.03.18 20:53:52 750
Sender: bool Emulator::Load( const QString &path )
Message: No "qemu-system-sh4eb" element!

Type: Warning Num: 33
Date: 2020.03.18 20:53:52 750
Sender: bool Emulator::Load( const QString &path )
Message: No "qemu-system-sparc" element!

Type: Warning Num: 34
Date: 2020.03.18 20:53:52 750
Sender: bool Emulator::Load( const QString &path )
Message: No "qemu-system-sparc64" element!

Type: Warning Num: 37
Date: 2020.03.18 20:53:52 789
Sender: bool Emulator::Load( const QString &path )
Message: No "qemu-system-arm" element!

Type: Warning Num: 38
Date: 2020.03.18 20:53:52 790
Sender: bool Emulator::Load( const QString &path )
Message: No "qemu-system-cris" element!

Type: Warning Num: 39
Date: 2020.03.18 20:53:52 790
Sender: bool Emulator::Load( const QString &path )
Message: No "qemu-system-m68k" element!

Type: Warning Num: 40
Date: 2020.03.18 20:53:52 790
Sender: bool Emulator::Load( const QString &path )
Message: No "qemu-system-microblaze" element!

Type: Warning Num: 41
Date: 2020.03.18 20:53:52 790
Sender: bool Emulator::Load( const QString &path )
Message: No "qemu-system-mips" element!

Type: Warning Num: 42
Date: 2020.03.18 20:53:52 790
Sender: bool Emulator::Load( const QString &path )
Message: No "qemu-system-mips64" element!

Type: Warning Num: 43
Date: 2020.03.18 20:53:52 790
Sender: bool Emulator::Load( const QString &path )
Message: No "qemu-system-mips64el" element!

Type: Warning Num: 44
Date: 2020.03.18 20:53:52 790
Sender: bool Emulator::Load( const QString &path )
Message: No "qemu-system-mipsel" element!

Type: Warning Num: 45
Date: 2020.03.18 20:53:52 790
Sender: bool Emulator::Load( const QString &path )
Message: No "qemu-system-ppc" element!

Type: Warning Num: 46
Date: 2020.03.18 20:53:52 790
Sender: bool Emulator::Load( const QString &path )
Message: No "qemu-system-ppc64" element!

Type: Warning Num: 47
Date: 2020.03.18 20:53:52 790
Sender: bool Emulator::Load( const QString &path )
Message: No "qemu-system-ppcemb" element!

Type: Warning Num: 48
Date: 2020.03.18 20:53:52 791
Sender: bool Emulator::Load( const QString &path )
Message: No "qemu-system-sh4" element!

Type: Warning Num: 49
Date: 2020.03.18 20:53:52 791
Sender: bool Emulator::Load( const QString &path )
Message: No "qemu-system-sh4eb" element!

Type: Warning Num: 50
Date: 2020.03.18 20:53:52 791
Sender: bool Emulator::Load( const QString &path )
Message: No "qemu-system-sparc" element!

Type: Warning Num: 51
Date: 2020.03.18 20:53:52 791
Sender: bool Emulator::Load( const QString &path )
Message: No "qemu-system-sparc64" element!

Type: Warning Num: 53
Date: 2020.03.18 20:53:52 823
Sender: bool Emulator::Load( const QString &path )
Message: No "qemu-system-arm" element!

Type: Warning Num: 54
Date: 2020.03.18 20:53:52 823
Sender: bool Emulator::Load( const QString &path )
Message: No "qemu-system-cris" element!

Type: Warning Num: 55
Date: 2020.03.18 20:53:52 823
Sender: bool Emulator::Load( const QString &path )
Message: No "qemu-system-m68k" element!

Type: Warning Num: 56
Date: 2020.03.18 20:53:52 824
Sender: bool Emulator::Load( const QString &path )
Message: No "qemu-system-microblaze" element!

Type: Warning Num: 57
Date: 2020.03.18 20:53:52 824
Sender: bool Emulator::Load( const QString &path )
Message: No "qemu-system-mips" element!

Type: Warning Num: 58
Date: 2020.03.18 20:53:52 824
Sender: bool Emulator::Load( const QString &path )
Message: No "qemu-system-mips64" element!

Type: Warning Num: 59
Date: 2020.03.18 20:53:52 824
Sender: bool Emulator::Load( const QString &path )
Message: No "qemu-system-mips64el" element!

Type: Warning Num: 60
Date: 2020.03.18 20:53:52 824
Sender: bool Emulator::Load( const QString &path )
Message: No "qemu-system-mipsel" element!

Type: Warning Num: 61
Date: 2020.03.18 20:53:52 824
Sender: bool Emulator::Load( const QString &path )
Message: No "qemu-system-ppc" element!

Type: Warning Num: 62
Date: 2020.03.18 20:53:52 824
Sender: bool Emulator::Load( const QString &path )
Message: No "qemu-system-ppc64" element!

Type: Warning Num: 63
Date: 2020.03.18 20:53:52 824
Sender: bool Emulator::Load( const QString &path )
Message: No "qemu-system-ppcemb" element!

Type: Warning Num: 64
Date: 2020.03.18 20:53:52 824
Sender: bool Emulator::Load( const QString &path )
Message: No "qemu-system-sh4" element!

Type: Warning Num: 65
Date: 2020.03.18 20:53:52 824
Sender: bool Emulator::Load( const QString &path )
Message: No "qemu-system-sh4eb" element!

Type: Warning Num: 66
Date: 2020.03.18 20:53:52 824
Sender: bool Emulator::Load( const QString &path )
Message: No "qemu-system-sparc" element!

Type: Warning Num: 67
Date: 2020.03.18 20:53:52 824
Sender: bool Emulator::Load( const QString &path )
Message: No "qemu-system-sparc64" element!

Type: Warning Num: 68
Date: 2020.03.18 20:53:52 844
Sender: Main_Window::Main_Window( QWidget *parent )
Message: No VM Loaded!

Type: Warning Num: 69
Date: 2020.03.18 20:54:37 157
Sender: bool Virtual_Machine::Load_VM( const QString &file_name )
Message: Uses compatible mode for config version 0.5

